DlangUI log file
2025-06-29 00:52:29.554 I  Log level changed to Trace
2025-06-29 00:52:29.554 I  Logger is initialized
2025-06-29 00:52:29.554 D  myWinMain()
2025-06-29 00:52:29.554 I  Current executable: C:\Users\Lyndon\Documents\VSProjects\KritaLayers\
2025-06-29 00:52:29.554 I  Command line: 
2025-06-29 00:52:29.554 I  Command line params: ["C:\\Users\\Lyndon\\Documents\\VSProjects\\KritaLayers\\krita-layers.exe"]
2025-06-29 00:52:29.554 V  Creating platform
2025-06-29 00:52:29.554 V  Registering window class
2025-06-29 00:52:29.554 V  Initializing font manager
2025-06-29 00:52:29.554 I  Creating Win32FontManager
2025-06-29 00:52:29.554 I  Win32FontManager.initialize()
2025-06-29 00:52:29.555 D  registerFont(SansSerif,Marlett)
2025-06-29 00:52:29.555 D  registerFont(SansSerif,Arial)
2025-06-29 00:52:29.556 D  registerFont(SansSerif,Arial)
2025-06-29 00:52:29.556 D  registerFont(SansSerif,Arial)
2025-06-29 00:52:29.556 D  registerFont(SansSerif,Arial)
2025-06-29 00:52:29.556 D  registerFont(SansSerif,Arial)
2025-06-29 00:52:29.556 D  registerFont(SansSerif,Arial)
2025-06-29 00:52:29.556 D  registerFont(SansSerif,Arial)
2025-06-29 00:52:29.556 D  registerFont(SansSerif,Arial)
2025-06-29 00:52:29.556 D  registerFont(SansSerif,Arial)
2025-06-29 00:52:29.556 D  registerFont(SansSerif,Arial Black)
2025-06-29 00:52:29.556 D  registerFont(SansSerif,Arial Black)
2025-06-29 00:52:29.556 D  registerFont(SansSerif,Arial Black)
2025-06-29 00:52:29.556 D  registerFont(SansSerif,Arial Black)
2025-06-29 00:52:29.556 D  registerFont(SansSerif,Arial Black)
2025-06-29 00:52:29.556 D  registerFont(SansSerif,Arial Black)
2025-06-29 00:52:29.556 D  registerFont(SansSerif,Bahnschrift Light)
2025-06-29 00:52:29.556 D  registerFont(SansSerif,Bahnschrift Light)
2025-06-29 00:52:29.556 D  registerFont(SansSerif,Bahnschrift Light)
2025-06-29 00:52:29.556 D  registerFont(SansSerif,Bahnschrift Light)
2025-06-29 00:52:29.556 D  registerFont(SansSerif,Bahnschrift Light)
2025-06-29 00:52:29.556 D  registerFont(SansSerif,Bahnschrift Light)
2025-06-29 00:52:29.556 D  registerFont(SansSerif,Bahnschrift Light)
2025-06-29 00:52:29.556 D  registerFont(SansSerif,Bahnschrift SemiLight)
2025-06-29 00:52:29.556 D  registerFont(SansSerif,Bahnschrift SemiLight)
2025-06-29 00:52:29.556 D  registerFont(SansSerif,Bahnschrift SemiLight)
2025-06-29 00:52:29.556 D  registerFont(SansSerif,Bahnschrift SemiLight)
2025-06-29 00:52:29.556 D  registerFont(SansSerif,Bahnschrift SemiLight)
2025-06-29 00:52:29.556 D  registerFont(SansSerif,Bahnschrift SemiLight)
2025-06-29 00:52:29.556 D  registerFont(SansSerif,Bahnschrift SemiLight)
2025-06-29 00:52:29.556 D  registerFont(SansSerif,Bahnschrift)
2025-06-29 00:52:29.556 D  registerFont(SansSerif,Bahnschrift)
2025-06-29 00:52:29.556 D  registerFont(SansSerif,Bahnschrift)
2025-06-29 00:52:29.556 D  registerFont(SansSerif,Bahnschrift)
2025-06-29 00:52:29.556 D  registerFont(SansSerif,Bahnschrift)
2025-06-29 00:52:29.556 D  registerFont(SansSerif,Bahnschrift)
2025-06-29 00:52:29.556 D  registerFont(SansSerif,Bahnschrift)
2025-06-29 00:52:29.556 D  registerFont(SansSerif,Bahnschrift SemiBold)
2025-06-29 00:52:29.556 D  registerFont(SansSerif,Bahnschrift SemiBold)
2025-06-29 00:52:29.556 D  registerFont(SansSerif,Bahnschrift SemiBold)
2025-06-29 00:52:29.556 D  registerFont(SansSerif,Bahnschrift SemiBold)
2025-06-29 00:52:29.556 D  registerFont(SansSerif,Bahnschrift SemiBold)
2025-06-29 00:52:29.556 D  registerFont(SansSerif,Bahnschrift SemiBold)
2025-06-29 00:52:29.556 D  registerFont(SansSerif,Bahnschrift SemiBold)
2025-06-29 00:52:29.556 D  registerFont(SansSerif,Bahnschrift Light SemiCondensed)
2025-06-29 00:52:29.556 D  registerFont(SansSerif,Bahnschrift Light SemiCondensed)
2025-06-29 00:52:29.556 D  registerFont(SansSerif,Bahnschrift Light SemiCondensed)
2025-06-29 00:52:29.556 D  registerFont(SansSerif,Bahnschrift Light SemiCondensed)
2025-06-29 00:52:29.556 D  registerFont(SansSerif,Bahnschrift Light SemiCondensed)
2025-06-29 00:52:29.556 D  registerFont(SansSerif,Bahnschrift Light SemiCondensed)
2025-06-29 00:52:29.556 D  registerFont(SansSerif,Bahnschrift Light SemiCondensed)
2025-06-29 00:52:29.556 D  registerFont(SansSerif,Bahnschrift SemiLight SemiConde)
2025-06-29 00:52:29.556 D  registerFont(SansSerif,Bahnschrift SemiLight SemiConde)
2025-06-29 00:52:29.556 D  registerFont(SansSerif,Bahnschrift SemiLight SemiConde)
2025-06-29 00:52:29.556 D  registerFont(SansSerif,Bahnschrift SemiLight SemiConde)
2025-06-29 00:52:29.556 D  registerFont(SansSerif,Bahnschrift SemiLight SemiConde)
2025-06-29 00:52:29.556 D  registerFont(SansSerif,Bahnschrift SemiLight SemiConde)
2025-06-29 00:52:29.556 D  registerFont(SansSerif,Bahnschrift SemiLight SemiConde)
2025-06-29 00:52:29.557 D  registerFont(SansSerif,Bahnschrift SemiCondensed)
2025-06-29 00:52:29.557 D  registerFont(SansSerif,Bahnschrift SemiCondensed)
2025-06-29 00:52:29.557 D  registerFont(SansSerif,Bahnschrift SemiCondensed)
2025-06-29 00:52:29.557 D  registerFont(SansSerif,Bahnschrift SemiCondensed)
2025-06-29 00:52:29.557 D  registerFont(SansSerif,Bahnschrift SemiCondensed)
2025-06-29 00:52:29.557 D  registerFont(SansSerif,Bahnschrift SemiCondensed)
2025-06-29 00:52:29.557 D  registerFont(SansSerif,Bahnschrift SemiCondensed)
2025-06-29 00:52:29.557 D  registerFont(SansSerif,Bahnschrift SemiBold SemiConden)
2025-06-29 00:52:29.557 D  registerFont(SansSerif,Bahnschrift SemiBold SemiConden)
2025-06-29 00:52:29.557 D  registerFont(SansSerif,Bahnschrift SemiBold SemiConden)
2025-06-29 00:52:29.557 D  registerFont(SansSerif,Bahnschrift SemiBold SemiConden)
2025-06-29 00:52:29.557 D  registerFont(SansSerif,Bahnschrift SemiBold SemiConden)
2025-06-29 00:52:29.557 D  registerFont(SansSerif,Bahnschrift SemiBold SemiConden)
2025-06-29 00:52:29.557 D  registerFont(SansSerif,Bahnschrift SemiBold SemiConden)
2025-06-29 00:52:29.557 D  registerFont(SansSerif,Bahnschrift Light Condensed)
2025-06-29 00:52:29.557 D  registerFont(SansSerif,Bahnschrift Light Condensed)
2025-06-29 00:52:29.557 D  registerFont(SansSerif,Bahnschrift Light Condensed)
2025-06-29 00:52:29.557 D  registerFont(SansSerif,Bahnschrift Light Condensed)
2025-06-29 00:52:29.557 D  registerFont(SansSerif,Bahnschrift Light Condensed)
2025-06-29 00:52:29.557 D  registerFont(SansSerif,Bahnschrift Light Condensed)
2025-06-29 00:52:29.557 D  registerFont(SansSerif,Bahnschrift Light Condensed)
2025-06-29 00:52:29.557 D  registerFont(SansSerif,Bahnschrift SemiLight Condensed)
2025-06-29 00:52:29.557 D  registerFont(SansSerif,Bahnschrift SemiLight Condensed)
2025-06-29 00:52:29.557 D  registerFont(SansSerif,Bahnschrift SemiLight Condensed)
2025-06-29 00:52:29.557 D  registerFont(SansSerif,Bahnschrift SemiLight Condensed)
2025-06-29 00:52:29.557 D  registerFont(SansSerif,Bahnschrift SemiLight Condensed)
2025-06-29 00:52:29.557 D  registerFont(SansSerif,Bahnschrift SemiLight Condensed)
2025-06-29 00:52:29.557 D  registerFont(SansSerif,Bahnschrift SemiLight Condensed)
2025-06-29 00:52:29.557 D  registerFont(SansSerif,Bahnschrift Condensed)
2025-06-29 00:52:29.557 D  registerFont(SansSerif,Bahnschrift Condensed)
2025-06-29 00:52:29.557 D  registerFont(SansSerif,Bahnschrift Condensed)
2025-06-29 00:52:29.557 D  registerFont(SansSerif,Bahnschrift Condensed)
2025-06-29 00:52:29.557 D  registerFont(SansSerif,Bahnschrift Condensed)
2025-06-29 00:52:29.557 D  registerFont(SansSerif,Bahnschrift Condensed)
2025-06-29 00:52:29.557 D  registerFont(SansSerif,Bahnschrift Condensed)
2025-06-29 00:52:29.557 D  registerFont(SansSerif,Bahnschrift SemiBold Condensed)
2025-06-29 00:52:29.557 D  registerFont(SansSerif,Bahnschrift SemiBold Condensed)
2025-06-29 00:52:29.557 D  registerFont(SansSerif,Bahnschrift SemiBold Condensed)
2025-06-29 00:52:29.557 D  registerFont(SansSerif,Bahnschrift SemiBold Condensed)
2025-06-29 00:52:29.557 D  registerFont(SansSerif,Bahnschrift SemiBold Condensed)
2025-06-29 00:52:29.557 D  registerFont(SansSerif,Bahnschrift SemiBold Condensed)
2025-06-29 00:52:29.557 D  registerFont(SansSerif,Bahnschrift SemiBold Condensed)
2025-06-29 00:52:29.557 D  registerFont(SansSerif,Calibri)
2025-06-29 00:52:29.557 D  registerFont(SansSerif,Calibri)
2025-06-29 00:52:29.557 D  registerFont(SansSerif,Calibri)
2025-06-29 00:52:29.557 D  registerFont(SansSerif,Calibri)
2025-06-29 00:52:29.557 D  registerFont(SansSerif,Calibri)
2025-06-29 00:52:29.557 D  registerFont(SansSerif,Calibri)
2025-06-29 00:52:29.557 D  registerFont(SansSerif,Calibri)
2025-06-29 00:52:29.557 D  registerFont(SansSerif,Calibri)
2025-06-29 00:52:29.557 D  registerFont(SansSerif,Calibri)
2025-06-29 00:52:29.557 D  registerFont(SansSerif,Calibri Light)
2025-06-29 00:52:29.557 D  registerFont(SansSerif,Calibri Light)
2025-06-29 00:52:29.557 D  registerFont(SansSerif,Calibri Light)
2025-06-29 00:52:29.557 D  registerFont(SansSerif,Calibri Light)
2025-06-29 00:52:29.557 D  registerFont(SansSerif,Calibri Light)
2025-06-29 00:52:29.557 D  registerFont(SansSerif,Calibri Light)
2025-06-29 00:52:29.557 D  registerFont(SansSerif,Calibri Light)
2025-06-29 00:52:29.558 D  registerFont(SansSerif,Calibri Light)
2025-06-29 00:52:29.558 D  registerFont(SansSerif,Calibri Light)
2025-06-29 00:52:29.558 D  registerFont(Serif,Cambria)
2025-06-29 00:52:29.558 D  registerFont(Serif,Cambria)
2025-06-29 00:52:29.558 D  registerFont(Serif,Cambria)
2025-06-29 00:52:29.558 D  registerFont(Serif,Cambria)
2025-06-29 00:52:29.558 D  registerFont(Serif,Cambria)
2025-06-29 00:52:29.558 D  registerFont(Serif,Cambria)
2025-06-29 00:52:29.558 D  registerFont(Serif,Cambria)
2025-06-29 00:52:29.558 D  registerFont(Serif,Cambria Math)
2025-06-29 00:52:29.558 D  registerFont(Serif,Cambria Math)
2025-06-29 00:52:29.558 D  registerFont(Serif,Cambria Math)
2025-06-29 00:52:29.558 D  registerFont(Serif,Cambria Math)
2025-06-29 00:52:29.558 D  registerFont(Serif,Cambria Math)
2025-06-29 00:52:29.558 D  registerFont(Serif,Cambria Math)
2025-06-29 00:52:29.558 D  registerFont(Serif,Cambria Math)
2025-06-29 00:52:29.558 D  registerFont(SansSerif,Candara)
2025-06-29 00:52:29.558 D  registerFont(SansSerif,Candara)
2025-06-29 00:52:29.558 D  registerFont(SansSerif,Candara)
2025-06-29 00:52:29.558 D  registerFont(SansSerif,Candara)
2025-06-29 00:52:29.558 D  registerFont(SansSerif,Candara)
2025-06-29 00:52:29.558 D  registerFont(SansSerif,Candara)
2025-06-29 00:52:29.558 D  registerFont(SansSerif,Candara)
2025-06-29 00:52:29.558 D  registerFont(SansSerif,Candara Light)
2025-06-29 00:52:29.558 D  registerFont(SansSerif,Candara Light)
2025-06-29 00:52:29.558 D  registerFont(SansSerif,Candara Light)
2025-06-29 00:52:29.558 D  registerFont(SansSerif,Candara Light)
2025-06-29 00:52:29.558 D  registerFont(SansSerif,Candara Light)
2025-06-29 00:52:29.558 D  registerFont(SansSerif,Candara Light)
2025-06-29 00:52:29.558 D  registerFont(SansSerif,Candara Light)
2025-06-29 00:52:29.558 D  registerFont(Cursive,Comic Sans MS)
2025-06-29 00:52:29.558 D  registerFont(Cursive,Comic Sans MS)
2025-06-29 00:52:29.558 D  registerFont(Cursive,Comic Sans MS)
2025-06-29 00:52:29.558 D  registerFont(Cursive,Comic Sans MS)
2025-06-29 00:52:29.558 D  registerFont(Cursive,Comic Sans MS)
2025-06-29 00:52:29.558 D  registerFont(Cursive,Comic Sans MS)
2025-06-29 00:52:29.558 D  registerFont(MonoSpace,Consolas)
2025-06-29 00:52:29.558 D  registerFont(MonoSpace,Consolas)
2025-06-29 00:52:29.558 D  registerFont(MonoSpace,Consolas)
2025-06-29 00:52:29.558 D  registerFont(MonoSpace,Consolas)
2025-06-29 00:52:29.558 D  registerFont(MonoSpace,Consolas)
2025-06-29 00:52:29.558 D  registerFont(MonoSpace,Consolas)
2025-06-29 00:52:29.558 D  registerFont(MonoSpace,Consolas)
2025-06-29 00:52:29.558 D  registerFont(Serif,Constantia)
2025-06-29 00:52:29.558 D  registerFont(Serif,Constantia)
2025-06-29 00:52:29.558 D  registerFont(Serif,Constantia)
2025-06-29 00:52:29.558 D  registerFont(Serif,Constantia)
2025-06-29 00:52:29.558 D  registerFont(Serif,Constantia)
2025-06-29 00:52:29.558 D  registerFont(Serif,Constantia)
2025-06-29 00:52:29.558 D  registerFont(Serif,Constantia)
2025-06-29 00:52:29.558 D  registerFont(SansSerif,Corbel)
2025-06-29 00:52:29.558 D  registerFont(SansSerif,Corbel)
2025-06-29 00:52:29.558 D  registerFont(SansSerif,Corbel)
2025-06-29 00:52:29.558 D  registerFont(SansSerif,Corbel)
2025-06-29 00:52:29.558 D  registerFont(SansSerif,Corbel)
2025-06-29 00:52:29.558 D  registerFont(SansSerif,Corbel)
2025-06-29 00:52:29.558 D  registerFont(SansSerif,Corbel)
2025-06-29 00:52:29.558 D  registerFont(SansSerif,Corbel Light)
2025-06-29 00:52:29.558 D  registerFont(SansSerif,Corbel Light)
2025-06-29 00:52:29.558 D  registerFont(SansSerif,Corbel Light)
2025-06-29 00:52:29.559 D  registerFont(SansSerif,Corbel Light)
2025-06-29 00:52:29.559 D  registerFont(SansSerif,Corbel Light)
2025-06-29 00:52:29.559 D  registerFont(SansSerif,Corbel Light)
2025-06-29 00:52:29.559 D  registerFont(SansSerif,Corbel Light)
2025-06-29 00:52:29.559 D  registerFont(MonoSpace,Courier New)
2025-06-29 00:52:29.559 D  registerFont(MonoSpace,Courier New)
2025-06-29 00:52:29.559 D  registerFont(MonoSpace,Courier New)
2025-06-29 00:52:29.559 D  registerFont(MonoSpace,Courier New)
2025-06-29 00:52:29.559 D  registerFont(MonoSpace,Courier New)
2025-06-29 00:52:29.559 D  registerFont(MonoSpace,Courier New)
2025-06-29 00:52:29.559 D  registerFont(MonoSpace,Courier New)
2025-06-29 00:52:29.559 D  registerFont(MonoSpace,Courier New)
2025-06-29 00:52:29.559 D  registerFont(MonoSpace,Courier New)
2025-06-29 00:52:29.559 D  registerFont(SansSerif,Ebrima)
2025-06-29 00:52:29.559 D  registerFont(SansSerif,Ebrima)
2025-06-29 00:52:29.559 D  registerFont(SansSerif,Ebrima)
2025-06-29 00:52:29.559 D  registerFont(SansSerif,Ebrima)
2025-06-29 00:52:29.559 D  registerFont(SansSerif,Franklin Gothic Medium)
2025-06-29 00:52:29.559 D  registerFont(SansSerif,Franklin Gothic Medium)
2025-06-29 00:52:29.559 D  registerFont(SansSerif,Franklin Gothic Medium)
2025-06-29 00:52:29.559 D  registerFont(SansSerif,Franklin Gothic Medium)
2025-06-29 00:52:29.559 D  registerFont(SansSerif,Franklin Gothic Medium)
2025-06-29 00:52:29.559 D  registerFont(SansSerif,Franklin Gothic Medium)
2025-06-29 00:52:29.559 D  registerFont(Fantasy,Gabriola)
2025-06-29 00:52:29.559 D  registerFont(Fantasy,Gabriola)
2025-06-29 00:52:29.559 D  registerFont(Fantasy,Gabriola)
2025-06-29 00:52:29.559 D  registerFont(Fantasy,Gabriola)
2025-06-29 00:52:29.559 D  registerFont(Fantasy,Gabriola)
2025-06-29 00:52:29.559 D  registerFont(Fantasy,Gabriola)
2025-06-29 00:52:29.559 D  registerFont(SansSerif,Gadugi)
2025-06-29 00:52:29.559 D  registerFont(Serif,Georgia)
2025-06-29 00:52:29.559 D  registerFont(Serif,Georgia)
2025-06-29 00:52:29.559 D  registerFont(Serif,Georgia)
2025-06-29 00:52:29.559 D  registerFont(Serif,Georgia)
2025-06-29 00:52:29.559 D  registerFont(Serif,Georgia)
2025-06-29 00:52:29.559 D  registerFont(Serif,Georgia)
2025-06-29 00:52:29.559 D  registerFont(SansSerif,Impact)
2025-06-29 00:52:29.559 D  registerFont(SansSerif,Impact)
2025-06-29 00:52:29.559 D  registerFont(SansSerif,Impact)
2025-06-29 00:52:29.559 D  registerFont(SansSerif,Impact)
2025-06-29 00:52:29.559 D  registerFont(SansSerif,Impact)
2025-06-29 00:52:29.559 D  registerFont(SansSerif,Impact)
2025-06-29 00:52:29.559 D  registerFont(Cursive,Ink Free)
2025-06-29 00:52:29.559 D  registerFont(SansSerif,Javanese Text)
2025-06-29 00:52:29.559 D  registerFont(SansSerif,Leelawadee UI)
2025-06-29 00:52:29.559 D  registerFont(SansSerif,Leelawadee UI)
2025-06-29 00:52:29.559 D  registerFont(SansSerif,Leelawadee UI)
2025-06-29 00:52:29.559 D  registerFont(SansSerif,Leelawadee UI Semilight)
2025-06-29 00:52:29.559 D  registerFont(SansSerif,Leelawadee UI Semilight)
2025-06-29 00:52:29.559 D  registerFont(SansSerif,Leelawadee UI Semilight)
2025-06-29 00:52:29.559 D  registerFont(MonoSpace,Lucida Console)
2025-06-29 00:52:29.559 D  registerFont(MonoSpace,Lucida Console)
2025-06-29 00:52:29.559 D  registerFont(MonoSpace,Lucida Console)
2025-06-29 00:52:29.559 D  registerFont(MonoSpace,Lucida Console)
2025-06-29 00:52:29.559 D  registerFont(MonoSpace,Lucida Console)
2025-06-29 00:52:29.559 D  registerFont(SansSerif,Lucida Sans Unicode)
2025-06-29 00:52:29.559 D  registerFont(SansSerif,Lucida Sans Unicode)
2025-06-29 00:52:29.560 D  registerFont(SansSerif,Lucida Sans Unicode)
2025-06-29 00:52:29.560 D  registerFont(SansSerif,Lucida Sans Unicode)
2025-06-29 00:52:29.560 D  registerFont(SansSerif,Lucida Sans Unicode)
2025-06-29 00:52:29.560 D  registerFont(SansSerif,Lucida Sans Unicode)
2025-06-29 00:52:29.560 D  registerFont(SansSerif,Lucida Sans Unicode)
2025-06-29 00:52:29.560 D  registerFont(SansSerif,Malgun Gothic)
2025-06-29 00:52:29.560 D  registerFont(SansSerif,Malgun Gothic)
2025-06-29 00:52:29.560 D  registerFont(Serif,Malgun Gothic Semilight)
2025-06-29 00:52:29.560 D  registerFont(Serif,Malgun Gothic Semilight)
2025-06-29 00:52:29.560 D  registerFont(Serif,Malgun Gothic Semilight)
2025-06-29 00:52:29.560 D  registerFont(Serif,Malgun Gothic Semilight)
2025-06-29 00:52:29.560 D  registerFont(Serif,Malgun Gothic Semilight)
2025-06-29 00:52:29.560 D  registerFont(Serif,Malgun Gothic Semilight)
2025-06-29 00:52:29.560 D  registerFont(Serif,Malgun Gothic Semilight)
2025-06-29 00:52:29.560 D  registerFont(Serif,Malgun Gothic Semilight)
2025-06-29 00:52:29.560 D  registerFont(Serif,Malgun Gothic Semilight)
2025-06-29 00:52:29.560 D  registerFont(Serif,Malgun Gothic Semilight)
2025-06-29 00:52:29.560 D  registerFont(Serif,Malgun Gothic Semilight)
2025-06-29 00:52:29.560 D  registerFont(Serif,Malgun Gothic Semilight)
2025-06-29 00:52:29.560 D  registerFont(SansSerif,Microsoft Himalaya)
2025-06-29 00:52:29.560 D  registerFont(SansSerif,Microsoft JhengHei)
2025-06-29 00:52:29.560 D  registerFont(SansSerif,Microsoft JhengHei)
2025-06-29 00:52:29.560 D  registerFont(SansSerif,Microsoft JhengHei)
2025-06-29 00:52:29.560 D  registerFont(SansSerif,Microsoft JhengHei UI)
2025-06-29 00:52:29.560 D  registerFont(SansSerif,Microsoft JhengHei UI)
2025-06-29 00:52:29.560 D  registerFont(SansSerif,Microsoft JhengHei UI)
2025-06-29 00:52:29.560 D  registerFont(SansSerif,Microsoft JhengHei Light)
2025-06-29 00:52:29.560 D  registerFont(SansSerif,Microsoft JhengHei Light)
2025-06-29 00:52:29.560 D  registerFont(SansSerif,Microsoft JhengHei Light)
2025-06-29 00:52:29.560 D  registerFont(SansSerif,Microsoft JhengHei UI Light)
2025-06-29 00:52:29.560 D  registerFont(SansSerif,Microsoft JhengHei UI Light)
2025-06-29 00:52:29.560 D  registerFont(SansSerif,Microsoft JhengHei UI Light)
2025-06-29 00:52:29.560 D  registerFont(SansSerif,Microsoft New Tai Lue)
2025-06-29 00:52:29.560 D  registerFont(SansSerif,Microsoft PhagsPa)
2025-06-29 00:52:29.560 D  registerFont(SansSerif,Microsoft Sans Serif)
2025-06-29 00:52:29.560 D  registerFont(SansSerif,Microsoft Sans Serif)
2025-06-29 00:52:29.560 D  registerFont(SansSerif,Microsoft Sans Serif)
2025-06-29 00:52:29.560 D  registerFont(SansSerif,Microsoft Sans Serif)
2025-06-29 00:52:29.560 D  registerFont(SansSerif,Microsoft Sans Serif)
2025-06-29 00:52:29.560 D  registerFont(SansSerif,Microsoft Sans Serif)
2025-06-29 00:52:29.560 D  registerFont(SansSerif,Microsoft Sans Serif)
2025-06-29 00:52:29.560 D  registerFont(SansSerif,Microsoft Sans Serif)
2025-06-29 00:52:29.560 D  registerFont(SansSerif,Microsoft Sans Serif)
2025-06-29 00:52:29.560 D  registerFont(SansSerif,Microsoft Sans Serif)
2025-06-29 00:52:29.560 D  registerFont(SansSerif,Microsoft Tai Le)
2025-06-29 00:52:29.560 D  registerFont(SansSerif,Microsoft YaHei)
2025-06-29 00:52:29.560 D  registerFont(SansSerif,Microsoft YaHei)
2025-06-29 00:52:29.560 D  registerFont(SansSerif,Microsoft YaHei)
2025-06-29 00:52:29.560 D  registerFont(SansSerif,Microsoft YaHei)
2025-06-29 00:52:29.560 D  registerFont(SansSerif,Microsoft YaHei)
2025-06-29 00:52:29.560 D  registerFont(SansSerif,Microsoft YaHei)
2025-06-29 00:52:29.560 D  registerFont(SansSerif,Microsoft YaHei UI)
2025-06-29 00:52:29.560 D  registerFont(SansSerif,Microsoft YaHei UI)
2025-06-29 00:52:29.560 D  registerFont(SansSerif,Microsoft YaHei UI)
2025-06-29 00:52:29.560 D  registerFont(SansSerif,Microsoft YaHei UI)
2025-06-29 00:52:29.560 D  registerFont(SansSerif,Microsoft YaHei UI)
2025-06-29 00:52:29.560 D  registerFont(SansSerif,Microsoft YaHei UI)
2025-06-29 00:52:29.561 D  registerFont(SansSerif,Microsoft YaHei Light)
2025-06-29 00:52:29.561 D  registerFont(SansSerif,Microsoft YaHei Light)
2025-06-29 00:52:29.561 D  registerFont(SansSerif,Microsoft YaHei Light)
2025-06-29 00:52:29.561 D  registerFont(SansSerif,Microsoft YaHei Light)
2025-06-29 00:52:29.561 D  registerFont(SansSerif,Microsoft YaHei Light)
2025-06-29 00:52:29.561 D  registerFont(SansSerif,Microsoft YaHei Light)
2025-06-29 00:52:29.561 D  registerFont(SansSerif,Microsoft YaHei UI Light)
2025-06-29 00:52:29.561 D  registerFont(SansSerif,Microsoft YaHei UI Light)
2025-06-29 00:52:29.561 D  registerFont(SansSerif,Microsoft YaHei UI Light)
2025-06-29 00:52:29.561 D  registerFont(SansSerif,Microsoft YaHei UI Light)
2025-06-29 00:52:29.561 D  registerFont(SansSerif,Microsoft YaHei UI Light)
2025-06-29 00:52:29.561 D  registerFont(SansSerif,Microsoft YaHei UI Light)
2025-06-29 00:52:29.561 D  registerFont(Cursive,Microsoft Yi Baiti)
2025-06-29 00:52:29.561 D  registerFont(Serif,MingLiU-ExtB)
2025-06-29 00:52:29.561 D  registerFont(Serif,MingLiU-ExtB)
2025-06-29 00:52:29.561 D  registerFont(Serif,PMingLiU-ExtB)
2025-06-29 00:52:29.561 D  registerFont(Serif,PMingLiU-ExtB)
2025-06-29 00:52:29.561 D  registerFont(Serif,MingLiU_HKSCS-ExtB)
2025-06-29 00:52:29.561 D  registerFont(Serif,MingLiU_HKSCS-ExtB)
2025-06-29 00:52:29.561 D  registerFont(Cursive,Mongolian Baiti)
2025-06-29 00:52:29.561 D  registerFont(MonoSpace,ＭＳ ゴシック)
2025-06-29 00:52:29.561 D  registerFont(MonoSpace,ＭＳ ゴシック)
2025-06-29 00:52:29.561 D  registerFont(MonoSpace,ＭＳ ゴシック)
2025-06-29 00:52:29.561 D  registerFont(MonoSpace,ＭＳ ゴシック)
2025-06-29 00:52:29.561 D  registerFont(MonoSpace,ＭＳ ゴシック)
2025-06-29 00:52:29.561 D  registerFont(MonoSpace,ＭＳ ゴシック)
2025-06-29 00:52:29.561 D  registerFont(MonoSpace,ＭＳ ゴシック)
2025-06-29 00:52:29.561 D  registerFont(Serif,MS UI Gothic)
2025-06-29 00:52:29.561 D  registerFont(Serif,MS UI Gothic)
2025-06-29 00:52:29.561 D  registerFont(Serif,MS UI Gothic)
2025-06-29 00:52:29.561 D  registerFont(Serif,MS UI Gothic)
2025-06-29 00:52:29.561 D  registerFont(Serif,MS UI Gothic)
2025-06-29 00:52:29.561 D  registerFont(Serif,MS UI Gothic)
2025-06-29 00:52:29.561 D  registerFont(Serif,MS UI Gothic)
2025-06-29 00:52:29.561 D  registerFont(Serif,ＭＳ Ｐゴシック)
2025-06-29 00:52:29.561 D  registerFont(Serif,ＭＳ Ｐゴシック)
2025-06-29 00:52:29.561 D  registerFont(Serif,ＭＳ Ｐゴシック)
2025-06-29 00:52:29.561 D  registerFont(Serif,ＭＳ Ｐゴシック)
2025-06-29 00:52:29.561 D  registerFont(Serif,ＭＳ Ｐゴシック)
2025-06-29 00:52:29.561 D  registerFont(Serif,ＭＳ Ｐゴシック)
2025-06-29 00:52:29.561 D  registerFont(Serif,ＭＳ Ｐゴシック)
2025-06-29 00:52:29.561 D  registerFont(SansSerif,MV Boli)
2025-06-29 00:52:29.561 D  registerFont(SansSerif,Myanmar Text)
2025-06-29 00:52:29.561 D  registerFont(SansSerif,Nirmala UI)
2025-06-29 00:52:29.561 D  registerFont(SansSerif,Nirmala UI Semilight)
2025-06-29 00:52:29.561 D  registerFont(Serif,Palatino Linotype)
2025-06-29 00:52:29.561 D  registerFont(Serif,Palatino Linotype)
2025-06-29 00:52:29.561 D  registerFont(Serif,Palatino Linotype)
2025-06-29 00:52:29.561 D  registerFont(Serif,Palatino Linotype)
2025-06-29 00:52:29.561 D  registerFont(Serif,Palatino Linotype)
2025-06-29 00:52:29.561 D  registerFont(Serif,Palatino Linotype)
2025-06-29 00:52:29.561 D  registerFont(Serif,Palatino Linotype)
2025-06-29 00:52:29.561 D  registerFont(Serif,Segoe MDL2 Assets)
2025-06-29 00:52:29.561 D  registerFont(SansSerif,Segoe Print)
2025-06-29 00:52:29.561 D  registerFont(SansSerif,Segoe Print)
2025-06-29 00:52:29.561 D  registerFont(SansSerif,Segoe Print)
2025-06-29 00:52:29.562 D  registerFont(SansSerif,Segoe Print)
2025-06-29 00:52:29.562 D  registerFont(SansSerif,Segoe Print)
2025-06-29 00:52:29.562 D  registerFont(SansSerif,Segoe Print)
2025-06-29 00:52:29.562 D  registerFont(Cursive,Segoe Script)
2025-06-29 00:52:29.562 D  registerFont(Cursive,Segoe Script)
2025-06-29 00:52:29.562 D  registerFont(Cursive,Segoe Script)
2025-06-29 00:52:29.562 D  registerFont(Cursive,Segoe Script)
2025-06-29 00:52:29.562 D  registerFont(Cursive,Segoe Script)
2025-06-29 00:52:29.562 D  registerFont(Cursive,Segoe Script)
2025-06-29 00:52:29.562 D  registerFont(SansSerif,Segoe UI)
2025-06-29 00:52:29.562 D  registerFont(SansSerif,Segoe UI)
2025-06-29 00:52:29.562 D  registerFont(SansSerif,Segoe UI)
2025-06-29 00:52:29.562 D  registerFont(SansSerif,Segoe UI)
2025-06-29 00:52:29.562 D  registerFont(SansSerif,Segoe UI)
2025-06-29 00:52:29.562 D  registerFont(SansSerif,Segoe UI)
2025-06-29 00:52:29.562 D  registerFont(SansSerif,Segoe UI)
2025-06-29 00:52:29.562 D  registerFont(SansSerif,Segoe UI)
2025-06-29 00:52:29.562 D  registerFont(SansSerif,Segoe UI)
2025-06-29 00:52:29.562 D  registerFont(SansSerif,Segoe UI Black)
2025-06-29 00:52:29.562 D  registerFont(SansSerif,Segoe UI Black)
2025-06-29 00:52:29.562 D  registerFont(SansSerif,Segoe UI Black)
2025-06-29 00:52:29.562 D  registerFont(SansSerif,Segoe UI Black)
2025-06-29 00:52:29.562 D  registerFont(SansSerif,Segoe UI Black)
2025-06-29 00:52:29.562 D  registerFont(SansSerif,Segoe UI Black)
2025-06-29 00:52:29.562 D  registerFont(SansSerif,Segoe UI Black)
2025-06-29 00:52:29.562 D  registerFont(SansSerif,Segoe UI Emoji)
2025-06-29 00:52:29.562 D  registerFont(SansSerif,Segoe UI Historic)
2025-06-29 00:52:29.562 D  registerFont(SansSerif,Segoe UI Light)
2025-06-29 00:52:29.562 D  registerFont(SansSerif,Segoe UI Light)
2025-06-29 00:52:29.562 D  registerFont(SansSerif,Segoe UI Light)
2025-06-29 00:52:29.562 D  registerFont(SansSerif,Segoe UI Light)
2025-06-29 00:52:29.562 D  registerFont(SansSerif,Segoe UI Light)
2025-06-29 00:52:29.562 D  registerFont(SansSerif,Segoe UI Light)
2025-06-29 00:52:29.562 D  registerFont(SansSerif,Segoe UI Light)
2025-06-29 00:52:29.562 D  registerFont(SansSerif,Segoe UI Light)
2025-06-29 00:52:29.562 D  registerFont(SansSerif,Segoe UI Light)
2025-06-29 00:52:29.562 D  registerFont(SansSerif,Segoe UI Semibold)
2025-06-29 00:52:29.562 D  registerFont(SansSerif,Segoe UI Semibold)
2025-06-29 00:52:29.562 D  registerFont(SansSerif,Segoe UI Semibold)
2025-06-29 00:52:29.562 D  registerFont(SansSerif,Segoe UI Semibold)
2025-06-29 00:52:29.562 D  registerFont(SansSerif,Segoe UI Semibold)
2025-06-29 00:52:29.562 D  registerFont(SansSerif,Segoe UI Semibold)
2025-06-29 00:52:29.562 D  registerFont(SansSerif,Segoe UI Semibold)
2025-06-29 00:52:29.562 D  registerFont(SansSerif,Segoe UI Semibold)
2025-06-29 00:52:29.562 D  registerFont(SansSerif,Segoe UI Semibold)
2025-06-29 00:52:29.562 D  registerFont(SansSerif,Segoe UI Semilight)
2025-06-29 00:52:29.562 D  registerFont(SansSerif,Segoe UI Semilight)
2025-06-29 00:52:29.562 D  registerFont(SansSerif,Segoe UI Semilight)
2025-06-29 00:52:29.562 D  registerFont(SansSerif,Segoe UI Semilight)
2025-06-29 00:52:29.562 D  registerFont(SansSerif,Segoe UI Semilight)
2025-06-29 00:52:29.562 D  registerFont(SansSerif,Segoe UI Semilight)
2025-06-29 00:52:29.562 D  registerFont(SansSerif,Segoe UI Semilight)
2025-06-29 00:52:29.562 D  registerFont(SansSerif,Segoe UI Semilight)
2025-06-29 00:52:29.562 D  registerFont(SansSerif,Segoe UI Semilight)
2025-06-29 00:52:29.562 D  registerFont(SansSerif,Segoe UI Symbol)
2025-06-29 00:52:29.562 D  registerFont(SansSerif,SimSun)
2025-06-29 00:52:29.562 D  registerFont(SansSerif,SimSun)
2025-06-29 00:52:29.562 D  registerFont(MonoSpace,NSimSun)
2025-06-29 00:52:29.563 D  registerFont(MonoSpace,NSimSun)
2025-06-29 00:52:29.563 D  registerFont(MonoSpace,SimSun-ExtB)
2025-06-29 00:52:29.563 D  registerFont(MonoSpace,SimSun-ExtB)
2025-06-29 00:52:29.563 D  registerFont(SansSerif,Sitka Small)
2025-06-29 00:52:29.563 D  registerFont(SansSerif,Sitka Small)
2025-06-29 00:52:29.563 D  registerFont(SansSerif,Sitka Small)
2025-06-29 00:52:29.563 D  registerFont(SansSerif,Sitka Small)
2025-06-29 00:52:29.563 D  registerFont(SansSerif,Sitka Small)
2025-06-29 00:52:29.563 D  registerFont(SansSerif,Sitka Small)
2025-06-29 00:52:29.563 D  registerFont(SansSerif,Sitka Small)
2025-06-29 00:52:29.563 D  registerFont(SansSerif,Sitka Text)
2025-06-29 00:52:29.563 D  registerFont(SansSerif,Sitka Text)
2025-06-29 00:52:29.563 D  registerFont(SansSerif,Sitka Text)
2025-06-29 00:52:29.563 D  registerFont(SansSerif,Sitka Text)
2025-06-29 00:52:29.563 D  registerFont(SansSerif,Sitka Text)
2025-06-29 00:52:29.563 D  registerFont(SansSerif,Sitka Text)
2025-06-29 00:52:29.563 D  registerFont(SansSerif,Sitka Text)
2025-06-29 00:52:29.563 D  registerFont(SansSerif,Sitka Subheading)
2025-06-29 00:52:29.563 D  registerFont(SansSerif,Sitka Subheading)
2025-06-29 00:52:29.563 D  registerFont(SansSerif,Sitka Subheading)
2025-06-29 00:52:29.563 D  registerFont(SansSerif,Sitka Subheading)
2025-06-29 00:52:29.563 D  registerFont(SansSerif,Sitka Subheading)
2025-06-29 00:52:29.563 D  registerFont(SansSerif,Sitka Subheading)
2025-06-29 00:52:29.563 D  registerFont(SansSerif,Sitka Subheading)
2025-06-29 00:52:29.563 D  registerFont(SansSerif,Sitka Heading)
2025-06-29 00:52:29.563 D  registerFont(SansSerif,Sitka Heading)
2025-06-29 00:52:29.563 D  registerFont(SansSerif,Sitka Heading)
2025-06-29 00:52:29.563 D  registerFont(SansSerif,Sitka Heading)
2025-06-29 00:52:29.563 D  registerFont(SansSerif,Sitka Heading)
2025-06-29 00:52:29.563 D  registerFont(SansSerif,Sitka Heading)
2025-06-29 00:52:29.563 D  registerFont(SansSerif,Sitka Heading)
2025-06-29 00:52:29.563 D  registerFont(SansSerif,Sitka Display)
2025-06-29 00:52:29.563 D  registerFont(SansSerif,Sitka Display)
2025-06-29 00:52:29.563 D  registerFont(SansSerif,Sitka Display)
2025-06-29 00:52:29.563 D  registerFont(SansSerif,Sitka Display)
2025-06-29 00:52:29.563 D  registerFont(SansSerif,Sitka Display)
2025-06-29 00:52:29.563 D  registerFont(SansSerif,Sitka Display)
2025-06-29 00:52:29.563 D  registerFont(SansSerif,Sitka Display)
2025-06-29 00:52:29.563 D  registerFont(SansSerif,Sitka Banner)
2025-06-29 00:52:29.563 D  registerFont(SansSerif,Sitka Banner)
2025-06-29 00:52:29.563 D  registerFont(SansSerif,Sitka Banner)
2025-06-29 00:52:29.563 D  registerFont(SansSerif,Sitka Banner)
2025-06-29 00:52:29.563 D  registerFont(SansSerif,Sitka Banner)
2025-06-29 00:52:29.563 D  registerFont(SansSerif,Sitka Banner)
2025-06-29 00:52:29.563 D  registerFont(SansSerif,Sitka Banner)
2025-06-29 00:52:29.563 D  registerFont(Serif,Sylfaen)
2025-06-29 00:52:29.563 D  registerFont(Serif,Sylfaen)
2025-06-29 00:52:29.563 D  registerFont(Serif,Sylfaen)
2025-06-29 00:52:29.563 D  registerFont(Serif,Sylfaen)
2025-06-29 00:52:29.563 D  registerFont(Serif,Sylfaen)
2025-06-29 00:52:29.563 D  registerFont(Serif,Sylfaen)
2025-06-29 00:52:29.563 D  registerFont(Serif,Symbol)
2025-06-29 00:52:29.563 D  registerFont(SansSerif,Tahoma)
2025-06-29 00:52:29.563 D  registerFont(SansSerif,Tahoma)
2025-06-29 00:52:29.563 D  registerFont(SansSerif,Tahoma)
2025-06-29 00:52:29.563 D  registerFont(SansSerif,Tahoma)
2025-06-29 00:52:29.563 D  registerFont(SansSerif,Tahoma)
2025-06-29 00:52:29.563 D  registerFont(SansSerif,Tahoma)
2025-06-29 00:52:29.563 D  registerFont(SansSerif,Tahoma)
2025-06-29 00:52:29.564 D  registerFont(SansSerif,Tahoma)
2025-06-29 00:52:29.564 D  registerFont(SansSerif,Tahoma)
2025-06-29 00:52:29.564 D  registerFont(SansSerif,Tahoma)
2025-06-29 00:52:29.564 D  registerFont(Serif,Times New Roman)
2025-06-29 00:52:29.564 D  registerFont(Serif,Times New Roman)
2025-06-29 00:52:29.564 D  registerFont(Serif,Times New Roman)
2025-06-29 00:52:29.564 D  registerFont(Serif,Times New Roman)
2025-06-29 00:52:29.564 D  registerFont(Serif,Times New Roman)
2025-06-29 00:52:29.564 D  registerFont(Serif,Times New Roman)
2025-06-29 00:52:29.564 D  registerFont(Serif,Times New Roman)
2025-06-29 00:52:29.564 D  registerFont(Serif,Times New Roman)
2025-06-29 00:52:29.564 D  registerFont(Serif,Times New Roman)
2025-06-29 00:52:29.564 D  registerFont(SansSerif,Trebuchet MS)
2025-06-29 00:52:29.564 D  registerFont(SansSerif,Trebuchet MS)
2025-06-29 00:52:29.564 D  registerFont(SansSerif,Trebuchet MS)
2025-06-29 00:52:29.564 D  registerFont(SansSerif,Trebuchet MS)
2025-06-29 00:52:29.564 D  registerFont(SansSerif,Trebuchet MS)
2025-06-29 00:52:29.564 D  registerFont(SansSerif,Trebuchet MS)
2025-06-29 00:52:29.564 D  registerFont(SansSerif,Verdana)
2025-06-29 00:52:29.564 D  registerFont(SansSerif,Verdana)
2025-06-29 00:52:29.564 D  registerFont(SansSerif,Verdana)
2025-06-29 00:52:29.564 D  registerFont(SansSerif,Verdana)
2025-06-29 00:52:29.564 D  registerFont(SansSerif,Verdana)
2025-06-29 00:52:29.564 D  registerFont(SansSerif,Verdana)
2025-06-29 00:52:29.564 D  registerFont(SansSerif,Verdana)
2025-06-29 00:52:29.564 D  registerFont(Serif,Webdings)
2025-06-29 00:52:29.564 D  registerFont(SansSerif,Wingdings)
2025-06-29 00:52:29.564 D  registerFont(Serif,游ゴシック)
2025-06-29 00:52:29.564 D  registerFont(Serif,游ゴシック)
2025-06-29 00:52:29.564 D  registerFont(Serif,游ゴシック)
2025-06-29 00:52:29.564 D  registerFont(Serif,游ゴシック)
2025-06-29 00:52:29.564 D  registerFont(Serif,游ゴシック)
2025-06-29 00:52:29.564 D  registerFont(Serif,游ゴシック)
2025-06-29 00:52:29.564 D  registerFont(Serif,游ゴシック)
2025-06-29 00:52:29.564 D  registerFont(Serif,Yu Gothic UI)
2025-06-29 00:52:29.564 D  registerFont(Serif,Yu Gothic UI)
2025-06-29 00:52:29.564 D  registerFont(Serif,Yu Gothic UI)
2025-06-29 00:52:29.564 D  registerFont(Serif,Yu Gothic UI)
2025-06-29 00:52:29.564 D  registerFont(Serif,Yu Gothic UI)
2025-06-29 00:52:29.564 D  registerFont(Serif,Yu Gothic UI)
2025-06-29 00:52:29.564 D  registerFont(Serif,Yu Gothic UI)
2025-06-29 00:52:29.564 D  registerFont(Serif,Yu Gothic UI Semibold)
2025-06-29 00:52:29.564 D  registerFont(Serif,Yu Gothic UI Semibold)
2025-06-29 00:52:29.564 D  registerFont(Serif,Yu Gothic UI Semibold)
2025-06-29 00:52:29.564 D  registerFont(Serif,Yu Gothic UI Semibold)
2025-06-29 00:52:29.564 D  registerFont(Serif,Yu Gothic UI Semibold)
2025-06-29 00:52:29.564 D  registerFont(Serif,Yu Gothic UI Semibold)
2025-06-29 00:52:29.564 D  registerFont(Serif,Yu Gothic UI Semibold)
2025-06-29 00:52:29.564 D  registerFont(Serif,游ゴシック Light)
2025-06-29 00:52:29.564 D  registerFont(Serif,游ゴシック Light)
2025-06-29 00:52:29.564 D  registerFont(Serif,游ゴシック Light)
2025-06-29 00:52:29.564 D  registerFont(Serif,游ゴシック Light)
2025-06-29 00:52:29.564 D  registerFont(Serif,游ゴシック Light)
2025-06-29 00:52:29.564 D  registerFont(Serif,游ゴシック Light)
2025-06-29 00:52:29.564 D  registerFont(Serif,游ゴシック Light)
2025-06-29 00:52:29.564 D  registerFont(Serif,Yu Gothic UI Light)
2025-06-29 00:52:29.565 D  registerFont(Serif,Yu Gothic UI Light)
2025-06-29 00:52:29.565 D  registerFont(Serif,Yu Gothic UI Light)
2025-06-29 00:52:29.565 D  registerFont(Serif,Yu Gothic UI Light)
2025-06-29 00:52:29.565 D  registerFont(Serif,Yu Gothic UI Light)
2025-06-29 00:52:29.565 D  registerFont(Serif,Yu Gothic UI Light)
2025-06-29 00:52:29.565 D  registerFont(Serif,Yu Gothic UI Light)
2025-06-29 00:52:29.565 D  registerFont(Serif,游ゴシック Medium)
2025-06-29 00:52:29.565 D  registerFont(Serif,游ゴシック Medium)
2025-06-29 00:52:29.565 D  registerFont(Serif,游ゴシック Medium)
2025-06-29 00:52:29.565 D  registerFont(Serif,游ゴシック Medium)
2025-06-29 00:52:29.565 D  registerFont(Serif,游ゴシック Medium)
2025-06-29 00:52:29.565 D  registerFont(Serif,游ゴシック Medium)
2025-06-29 00:52:29.565 D  registerFont(Serif,游ゴシック Medium)
2025-06-29 00:52:29.565 D  registerFont(Serif,Yu Gothic UI Semilight)
2025-06-29 00:52:29.565 D  registerFont(Serif,Yu Gothic UI Semilight)
2025-06-29 00:52:29.565 D  registerFont(Serif,Yu Gothic UI Semilight)
2025-06-29 00:52:29.565 D  registerFont(Serif,Yu Gothic UI Semilight)
2025-06-29 00:52:29.565 D  registerFont(Serif,Yu Gothic UI Semilight)
2025-06-29 00:52:29.565 D  registerFont(Serif,Yu Gothic UI Semilight)
2025-06-29 00:52:29.565 D  registerFont(Serif,Yu Gothic UI Semilight)
2025-06-29 00:52:29.565 D  registerFont(Serif,HoloLens MDL2 Assets)
2025-06-29 00:52:29.565 D  registerFont(MonoSpace,BIZ UDゴシック)
2025-06-29 00:52:29.565 D  registerFont(MonoSpace,BIZ UDゴシック)
2025-06-29 00:52:29.565 D  registerFont(Serif,BIZ UDPゴシック)
2025-06-29 00:52:29.565 D  registerFont(Serif,BIZ UDPゴシック)
2025-06-29 00:52:29.565 D  registerFont(MonoSpace,BIZ UD明朝 Medium)
2025-06-29 00:52:29.565 D  registerFont(MonoSpace,BIZ UD明朝 Medium)
2025-06-29 00:52:29.565 D  registerFont(Serif,BIZ UDP明朝 Medium)
2025-06-29 00:52:29.565 D  registerFont(Serif,BIZ UDP明朝 Medium)
2025-06-29 00:52:29.565 D  registerFont(Serif,メイリオ)
2025-06-29 00:52:29.565 D  registerFont(Serif,メイリオ)
2025-06-29 00:52:29.565 D  registerFont(Serif,メイリオ)
2025-06-29 00:52:29.565 D  registerFont(Serif,メイリオ)
2025-06-29 00:52:29.565 D  registerFont(Serif,メイリオ)
2025-06-29 00:52:29.565 D  registerFont(Serif,メイリオ)
2025-06-29 00:52:29.565 D  registerFont(Serif,メイリオ)
2025-06-29 00:52:29.565 D  registerFont(Serif,Meiryo UI)
2025-06-29 00:52:29.565 D  registerFont(Serif,Meiryo UI)
2025-06-29 00:52:29.565 D  registerFont(Serif,Meiryo UI)
2025-06-29 00:52:29.565 D  registerFont(Serif,Meiryo UI)
2025-06-29 00:52:29.565 D  registerFont(Serif,Meiryo UI)
2025-06-29 00:52:29.565 D  registerFont(Serif,Meiryo UI)
2025-06-29 00:52:29.565 D  registerFont(Serif,Meiryo UI)
2025-06-29 00:52:29.565 D  registerFont(MonoSpace,ＭＳ 明朝)
2025-06-29 00:52:29.565 D  registerFont(MonoSpace,ＭＳ 明朝)
2025-06-29 00:52:29.565 D  registerFont(MonoSpace,ＭＳ 明朝)
2025-06-29 00:52:29.565 D  registerFont(MonoSpace,ＭＳ 明朝)
2025-06-29 00:52:29.565 D  registerFont(MonoSpace,ＭＳ 明朝)
2025-06-29 00:52:29.565 D  registerFont(MonoSpace,ＭＳ 明朝)
2025-06-29 00:52:29.565 D  registerFont(MonoSpace,ＭＳ 明朝)
2025-06-29 00:52:29.565 D  registerFont(Serif,ＭＳ Ｐ明朝)
2025-06-29 00:52:29.565 D  registerFont(Serif,ＭＳ Ｐ明朝)
2025-06-29 00:52:29.565 D  registerFont(Serif,ＭＳ Ｐ明朝)
2025-06-29 00:52:29.565 D  registerFont(Serif,ＭＳ Ｐ明朝)
2025-06-29 00:52:29.565 D  registerFont(Serif,ＭＳ Ｐ明朝)
2025-06-29 00:52:29.566 D  registerFont(Serif,ＭＳ Ｐ明朝)
2025-06-29 00:52:29.566 D  registerFont(Serif,ＭＳ Ｐ明朝)
2025-06-29 00:52:29.566 D  registerFont(MonoSpace,UD デジタル 教科書体 N-B)
2025-06-29 00:52:29.566 D  registerFont(Serif,UD デジタル 教科書体 NP-B)
2025-06-29 00:52:29.566 D  registerFont(Serif,UD デジタル 教科書体 NK-B)
2025-06-29 00:52:29.566 D  registerFont(MonoSpace,UD デジタル 教科書体 N-R)
2025-06-29 00:52:29.566 D  registerFont(Serif,UD デジタル 教科書体 NP-R)
2025-06-29 00:52:29.566 D  registerFont(Serif,UD デジタル 教科書体 NK-R)
2025-06-29 00:52:29.566 D  registerFont(Serif,游明朝)
2025-06-29 00:52:29.566 D  registerFont(Serif,游明朝)
2025-06-29 00:52:29.566 D  registerFont(Serif,游明朝)
2025-06-29 00:52:29.566 D  registerFont(Serif,游明朝)
2025-06-29 00:52:29.566 D  registerFont(Serif,游明朝)
2025-06-29 00:52:29.566 D  registerFont(Serif,游明朝)
2025-06-29 00:52:29.566 D  registerFont(Serif,游明朝)
2025-06-29 00:52:29.566 D  registerFont(Serif,游明朝 Demibold)
2025-06-29 00:52:29.566 D  registerFont(Serif,游明朝 Demibold)
2025-06-29 00:52:29.566 D  registerFont(Serif,游明朝 Demibold)
2025-06-29 00:52:29.566 D  registerFont(Serif,游明朝 Demibold)
2025-06-29 00:52:29.566 D  registerFont(Serif,游明朝 Demibold)
2025-06-29 00:52:29.566 D  registerFont(Serif,游明朝 Demibold)
2025-06-29 00:52:29.566 D  registerFont(Serif,游明朝 Demibold)
2025-06-29 00:52:29.566 D  registerFont(Serif,游明朝 Light)
2025-06-29 00:52:29.566 D  registerFont(Serif,游明朝 Light)
2025-06-29 00:52:29.566 D  registerFont(Serif,游明朝 Light)
2025-06-29 00:52:29.566 D  registerFont(Serif,游明朝 Light)
2025-06-29 00:52:29.566 D  registerFont(Serif,游明朝 Light)
2025-06-29 00:52:29.566 D  registerFont(Serif,游明朝 Light)
2025-06-29 00:52:29.566 D  registerFont(Serif,游明朝 Light)
2025-06-29 00:52:29.566 D  registerFont(SansSerif,Amiri)
2025-06-29 00:52:29.566 D  registerFont(SansSerif,Amiri)
2025-06-29 00:52:29.566 D  registerFont(SansSerif,Amiri)
2025-06-29 00:52:29.566 D  registerFont(SansSerif,Amiri)
2025-06-29 00:52:29.566 D  registerFont(SansSerif,Amiri)
2025-06-29 00:52:29.566 D  registerFont(SansSerif,Scheherazade)
2025-06-29 00:52:29.566 D  registerFont(SansSerif,Scheherazade)
2025-06-29 00:52:29.566 D  registerFont(SansSerif,OpenSymbol)
2025-06-29 00:52:29.566 D  registerFont(SansSerif,OpenSymbol)
2025-06-29 00:52:29.566 D  registerFont(MonoSpace,Liberation Mono)
2025-06-29 00:52:29.566 D  registerFont(MonoSpace,Liberation Mono)
2025-06-29 00:52:29.566 D  registerFont(MonoSpace,Liberation Mono)
2025-06-29 00:52:29.566 D  registerFont(MonoSpace,Liberation Mono)
2025-06-29 00:52:29.566 D  registerFont(MonoSpace,Liberation Mono)
2025-06-29 00:52:29.566 D  registerFont(MonoSpace,Liberation Mono)
2025-06-29 00:52:29.566 D  registerFont(MonoSpace,Liberation Mono)
2025-06-29 00:52:29.566 D  registerFont(MonoSpace,Liberation Mono)
2025-06-29 00:52:29.566 D  registerFont(SansSerif,KacstBook)
2025-06-29 00:52:29.566 D  registerFont(SansSerif,EmojiOne Color)
2025-06-29 00:52:29.566 D  registerFont(Serif,Source Serif Pro Black)
2025-06-29 00:52:29.566 D  registerFont(Serif,Source Serif Pro Black)
2025-06-29 00:52:29.566 D  registerFont(Serif,Source Serif Pro Black)
2025-06-29 00:52:29.566 D  registerFont(Serif,Source Serif Pro Black)
2025-06-29 00:52:29.566 D  registerFont(Serif,Source Serif Pro Black)
2025-06-29 00:52:29.566 D  registerFont(Serif,Source Serif Pro Black)
2025-06-29 00:52:29.566 D  registerFont(Serif,Source Serif Pro Black)
2025-06-29 00:52:29.567 D  registerFont(SansSerif,Linux Biolinum G)
2025-06-29 00:52:29.567 D  registerFont(SansSerif,Linux Biolinum G)
2025-06-29 00:52:29.567 D  registerFont(SansSerif,Linux Biolinum G)
2025-06-29 00:52:29.567 D  registerFont(SansSerif,Linux Biolinum G)
2025-06-29 00:52:29.567 D  registerFont(SansSerif,Linux Biolinum G)
2025-06-29 00:52:29.567 D  registerFont(SansSerif,Linux Biolinum G)
2025-06-29 00:52:29.567 D  registerFont(SansSerif,Linux Biolinum G)
2025-06-29 00:52:29.567 D  registerFont(SansSerif,Linux Biolinum G)
2025-06-29 00:52:29.567 D  registerFont(SansSerif,Carlito)
2025-06-29 00:52:29.567 D  registerFont(SansSerif,Carlito)
2025-06-29 00:52:29.567 D  registerFont(SansSerif,Carlito)
2025-06-29 00:52:29.567 D  registerFont(SansSerif,Carlito)
2025-06-29 00:52:29.567 D  registerFont(SansSerif,Carlito)
2025-06-29 00:52:29.567 D  registerFont(SansSerif,Carlito)
2025-06-29 00:52:29.567 D  registerFont(SansSerif,Carlito)
2025-06-29 00:52:29.567 D  registerFont(SansSerif,David CLM)
2025-06-29 00:52:29.567 D  registerFont(MonoSpace,Source Code Pro Black)
2025-06-29 00:52:29.567 D  registerFont(MonoSpace,Source Code Pro Black)
2025-06-29 00:52:29.567 D  registerFont(MonoSpace,Source Code Pro Black)
2025-06-29 00:52:29.567 D  registerFont(MonoSpace,Source Code Pro Black)
2025-06-29 00:52:29.567 D  registerFont(MonoSpace,Source Code Pro Black)
2025-06-29 00:52:29.567 D  registerFont(MonoSpace,Source Code Pro Black)
2025-06-29 00:52:29.567 D  registerFont(MonoSpace,Source Code Pro Black)
2025-06-29 00:52:29.567 D  registerFont(SansSerif,DejaVu Math TeX Gyre)
2025-06-29 00:52:29.567 D  registerFont(SansSerif,DejaVu Math TeX Gyre)
2025-06-29 00:52:29.567 D  registerFont(SansSerif,DejaVu Math TeX Gyre)
2025-06-29 00:52:29.567 D  registerFont(SansSerif,DejaVu Math TeX Gyre)
2025-06-29 00:52:29.567 D  registerFont(SansSerif,DejaVu Math TeX Gyre)
2025-06-29 00:52:29.567 D  registerFont(SansSerif,Noto Kufi Arabic)
2025-06-29 00:52:29.567 D  registerFont(SansSerif,Reem Kufi)
2025-06-29 00:52:29.567 D  registerFont(SansSerif,Source Sans Pro Black)
2025-06-29 00:52:29.567 D  registerFont(SansSerif,Source Sans Pro Black)
2025-06-29 00:52:29.567 D  registerFont(SansSerif,Source Sans Pro Black)
2025-06-29 00:52:29.567 D  registerFont(SansSerif,Source Sans Pro Black)
2025-06-29 00:52:29.567 D  registerFont(SansSerif,Source Sans Pro Black)
2025-06-29 00:52:29.567 D  registerFont(SansSerif,Source Sans Pro Black)
2025-06-29 00:52:29.567 D  registerFont(SansSerif,Source Sans Pro Black)
2025-06-29 00:52:29.567 D  registerFont(SansSerif,Gentium Basic)
2025-06-29 00:52:29.567 D  registerFont(SansSerif,Gentium Basic)
2025-06-29 00:52:29.567 D  registerFont(SansSerif,Gentium Basic)
2025-06-29 00:52:29.567 D  registerFont(SansSerif,Alef)
2025-06-29 00:52:29.567 D  registerFont(SansSerif,Alef)
2025-06-29 00:52:29.567 D  registerFont(SansSerif,Alef)
2025-06-29 00:52:29.567 D  registerFont(SansSerif,Alef)
2025-06-29 00:52:29.567 D  registerFont(SansSerif,Alef)
2025-06-29 00:52:29.567 D  registerFont(SansSerif,David Libre)
2025-06-29 00:52:29.567 D  registerFont(SansSerif,David Libre)
2025-06-29 00:52:29.567 D  registerFont(SansSerif,David Libre)
2025-06-29 00:52:29.567 D  registerFont(SansSerif,David Libre)
2025-06-29 00:52:29.567 D  registerFont(SansSerif,David Libre)
2025-06-29 00:52:29.567 D  registerFont(SansSerif,Liberation Sans Narrow)
2025-06-29 00:52:29.567 D  registerFont(SansSerif,Liberation Sans Narrow)
2025-06-29 00:52:29.567 D  registerFont(SansSerif,Liberation Sans Narrow)
2025-06-29 00:52:29.567 D  registerFont(SansSerif,Liberation Sans Narrow)
2025-06-29 00:52:29.567 D  registerFont(SansSerif,Liberation Sans Narrow)
2025-06-29 00:52:29.567 D  registerFont(SansSerif,Liberation Sans Narrow)
2025-06-29 00:52:29.567 D  registerFont(Serif,Caladea)
2025-06-29 00:52:29.567 D  registerFont(Serif,Caladea)
2025-06-29 00:52:29.567 D  registerFont(Serif,Caladea)
2025-06-29 00:52:29.568 D  registerFont(Serif,Caladea)
2025-06-29 00:52:29.568 D  registerFont(SansSerif,Amiri Quran)
2025-06-29 00:52:29.568 D  registerFont(SansSerif,Frank Ruehl CLM)
2025-06-29 00:52:29.568 D  registerFont(SansSerif,Miriam CLM)
2025-06-29 00:52:29.568 D  registerFont(SansSerif,Miriam Mono CLM)
2025-06-29 00:52:29.568 D  registerFont(SansSerif,DejaVu Sans)
2025-06-29 00:52:29.568 D  registerFont(SansSerif,DejaVu Sans)
2025-06-29 00:52:29.568 D  registerFont(SansSerif,DejaVu Sans)
2025-06-29 00:52:29.568 D  registerFont(SansSerif,DejaVu Sans)
2025-06-29 00:52:29.568 D  registerFont(SansSerif,DejaVu Sans)
2025-06-29 00:52:29.568 D  registerFont(SansSerif,DejaVu Sans)
2025-06-29 00:52:29.568 D  registerFont(SansSerif,DejaVu Sans)
2025-06-29 00:52:29.568 D  registerFont(SansSerif,DejaVu Sans)
2025-06-29 00:52:29.568 D  registerFont(SansSerif,DejaVu Sans)
2025-06-29 00:52:29.568 D  registerFont(SansSerif,DejaVu Sans Light)
2025-06-29 00:52:29.568 D  registerFont(SansSerif,DejaVu Sans Light)
2025-06-29 00:52:29.568 D  registerFont(SansSerif,DejaVu Sans Light)
2025-06-29 00:52:29.568 D  registerFont(SansSerif,DejaVu Sans Light)
2025-06-29 00:52:29.568 D  registerFont(SansSerif,DejaVu Sans Light)
2025-06-29 00:52:29.568 D  registerFont(SansSerif,DejaVu Sans Light)
2025-06-29 00:52:29.568 D  registerFont(SansSerif,DejaVu Sans Light)
2025-06-29 00:52:29.568 D  registerFont(SansSerif,DejaVu Sans Condensed)
2025-06-29 00:52:29.568 D  registerFont(SansSerif,DejaVu Sans Condensed)
2025-06-29 00:52:29.568 D  registerFont(SansSerif,DejaVu Sans Condensed)
2025-06-29 00:52:29.568 D  registerFont(SansSerif,DejaVu Sans Condensed)
2025-06-29 00:52:29.568 D  registerFont(SansSerif,DejaVu Sans Condensed)
2025-06-29 00:52:29.568 D  registerFont(SansSerif,DejaVu Sans Condensed)
2025-06-29 00:52:29.568 D  registerFont(SansSerif,DejaVu Sans Condensed)
2025-06-29 00:52:29.568 D  registerFont(SansSerif,DejaVu Sans Condensed)
2025-06-29 00:52:29.568 D  registerFont(SansSerif,DejaVu Sans Condensed)
2025-06-29 00:52:29.568 D  registerFont(MonoSpace,DejaVu Sans Mono)
2025-06-29 00:52:29.568 D  registerFont(MonoSpace,DejaVu Sans Mono)
2025-06-29 00:52:29.568 D  registerFont(MonoSpace,DejaVu Sans Mono)
2025-06-29 00:52:29.568 D  registerFont(MonoSpace,DejaVu Sans Mono)
2025-06-29 00:52:29.568 D  registerFont(MonoSpace,DejaVu Sans Mono)
2025-06-29 00:52:29.568 D  registerFont(MonoSpace,DejaVu Sans Mono)
2025-06-29 00:52:29.568 D  registerFont(MonoSpace,DejaVu Sans Mono)
2025-06-29 00:52:29.568 D  registerFont(MonoSpace,DejaVu Sans Mono)
2025-06-29 00:52:29.568 D  registerFont(Serif,DejaVu Serif)
2025-06-29 00:52:29.568 D  registerFont(Serif,DejaVu Serif)
2025-06-29 00:52:29.568 D  registerFont(Serif,DejaVu Serif)
2025-06-29 00:52:29.568 D  registerFont(Serif,DejaVu Serif)
2025-06-29 00:52:29.568 D  registerFont(Serif,DejaVu Serif)
2025-06-29 00:52:29.568 D  registerFont(Serif,DejaVu Serif)
2025-06-29 00:52:29.568 D  registerFont(Serif,DejaVu Serif Condensed)
2025-06-29 00:52:29.568 D  registerFont(Serif,DejaVu Serif Condensed)
2025-06-29 00:52:29.568 D  registerFont(Serif,DejaVu Serif Condensed)
2025-06-29 00:52:29.568 D  registerFont(Serif,DejaVu Serif Condensed)
2025-06-29 00:52:29.568 D  registerFont(Serif,DejaVu Serif Condensed)
2025-06-29 00:52:29.568 D  registerFont(Serif,DejaVu Serif Condensed)
2025-06-29 00:52:29.568 D  registerFont(SansSerif,Gentium Book Basic)
2025-06-29 00:52:29.568 D  registerFont(SansSerif,Gentium Book Basic)
2025-06-29 00:52:29.568 D  registerFont(SansSerif,Gentium Book Basic)
2025-06-29 00:52:29.568 D  registerFont(SansSerif,KacstOffice)
2025-06-29 00:52:29.568 D  registerFont(SansSerif,Liberation Sans)
2025-06-29 00:52:29.568 D  registerFont(SansSerif,Liberation Sans)
2025-06-29 00:52:29.568 D  registerFont(SansSerif,Liberation Sans)
2025-06-29 00:52:29.568 D  registerFont(SansSerif,Liberation Sans)
2025-06-29 00:52:29.568 D  registerFont(SansSerif,Liberation Sans)
2025-06-29 00:52:29.568 D  registerFont(SansSerif,Liberation Sans)
2025-06-29 00:52:29.569 D  registerFont(SansSerif,Liberation Sans)
2025-06-29 00:52:29.569 D  registerFont(SansSerif,Liberation Sans)
2025-06-29 00:52:29.569 D  registerFont(Serif,Liberation Serif)
2025-06-29 00:52:29.569 D  registerFont(Serif,Liberation Serif)
2025-06-29 00:52:29.569 D  registerFont(Serif,Liberation Serif)
2025-06-29 00:52:29.569 D  registerFont(Serif,Liberation Serif)
2025-06-29 00:52:29.569 D  registerFont(Serif,Liberation Serif)
2025-06-29 00:52:29.569 D  registerFont(Serif,Liberation Serif)
2025-06-29 00:52:29.569 D  registerFont(Serif,Liberation Serif)
2025-06-29 00:52:29.569 D  registerFont(Serif,Liberation Serif)
2025-06-29 00:52:29.569 D  registerFont(SansSerif,Linux Libertine Display G)
2025-06-29 00:52:29.569 D  registerFont(SansSerif,Linux Libertine Display G)
2025-06-29 00:52:29.569 D  registerFont(SansSerif,Linux Libertine Display G)
2025-06-29 00:52:29.569 D  registerFont(SansSerif,Linux Libertine Display G)
2025-06-29 00:52:29.569 D  registerFont(SansSerif,Linux Libertine Display G)
2025-06-29 00:52:29.569 D  registerFont(SansSerif,Linux Libertine Display G)
2025-06-29 00:52:29.569 D  registerFont(SansSerif,Linux Libertine Display G)
2025-06-29 00:52:29.569 D  registerFont(SansSerif,Linux Libertine Display G)
2025-06-29 00:52:29.569 D  registerFont(SansSerif,Linux Libertine G)
2025-06-29 00:52:29.569 D  registerFont(SansSerif,Linux Libertine G)
2025-06-29 00:52:29.569 D  registerFont(SansSerif,Linux Libertine G)
2025-06-29 00:52:29.569 D  registerFont(SansSerif,Linux Libertine G)
2025-06-29 00:52:29.569 D  registerFont(SansSerif,Linux Libertine G)
2025-06-29 00:52:29.569 D  registerFont(SansSerif,Linux Libertine G)
2025-06-29 00:52:29.569 D  registerFont(SansSerif,Linux Libertine G)
2025-06-29 00:52:29.569 D  registerFont(SansSerif,Linux Libertine G)
2025-06-29 00:52:29.569 D  registerFont(SansSerif,Rubik)
2025-06-29 00:52:29.569 D  registerFont(SansSerif,Rubik)
2025-06-29 00:52:29.569 D  registerFont(SansSerif,Rubik)
2025-06-29 00:52:29.569 D  registerFont(SansSerif,Rubik)
2025-06-29 00:52:29.569 D  registerFont(SansSerif,Rubik)
2025-06-29 00:52:29.569 D  registerFont(SansSerif,Rubik)
2025-06-29 00:52:29.569 D  registerFont(MonoSpace,Noto Mono)
2025-06-29 00:52:29.569 D  registerFont(MonoSpace,Noto Mono)
2025-06-29 00:52:29.569 D  registerFont(MonoSpace,Noto Mono)
2025-06-29 00:52:29.569 D  registerFont(MonoSpace,Noto Mono)
2025-06-29 00:52:29.569 D  registerFont(MonoSpace,Noto Mono)
2025-06-29 00:52:29.569 D  registerFont(MonoSpace,Noto Mono)
2025-06-29 00:52:29.569 D  registerFont(MonoSpace,Noto Mono)
2025-06-29 00:52:29.569 D  registerFont(SansSerif,Noto Naskh Arabic)
2025-06-29 00:52:29.569 D  registerFont(SansSerif,Noto Naskh Arabic)
2025-06-29 00:52:29.569 D  registerFont(SansSerif,Noto Naskh Arabic UI)
2025-06-29 00:52:29.569 D  registerFont(SansSerif,Noto Naskh Arabic UI)
2025-06-29 00:52:29.569 D  registerFont(SansSerif,Noto Sans)
2025-06-29 00:52:29.569 D  registerFont(SansSerif,Noto Sans Cond)
2025-06-29 00:52:29.569 D  registerFont(SansSerif,Noto Sans Light)
2025-06-29 00:52:29.569 D  registerFont(SansSerif,Noto Sans Arabic)
2025-06-29 00:52:29.569 D  registerFont(SansSerif,Noto Sans Arabic UI)
2025-06-29 00:52:29.569 D  registerFont(SansSerif,Noto Sans Armenian)
2025-06-29 00:52:29.569 D  registerFont(SansSerif,Noto Sans Georgian)
2025-06-29 00:52:29.569 D  registerFont(SansSerif,Noto Sans Hebrew)
2025-06-29 00:52:29.569 D  registerFont(SansSerif,Noto Sans Lao)
2025-06-29 00:52:29.569 D  registerFont(SansSerif,Noto Sans Lisu)
2025-06-29 00:52:29.569 D  registerFont(Serif,Noto Serif)
2025-06-29 00:52:29.569 D  registerFont(Serif,Noto Serif Cond)
2025-06-29 00:52:29.569 D  registerFont(Serif,Noto Serif Light)
2025-06-29 00:52:29.569 D  registerFont(Serif,Noto Serif Armenian)
2025-06-29 00:52:29.569 D  registerFont(Serif,Noto Serif Georgian)
2025-06-29 00:52:29.569 D  registerFont(Serif,Noto Serif Hebrew)
2025-06-29 00:52:29.570 D  registerFont(Serif,Noto Serif Lao)
2025-06-29 00:52:29.570 D  registerFont(MonoSpace,Source Code Pro)
2025-06-29 00:52:29.570 D  registerFont(MonoSpace,Source Code Pro)
2025-06-29 00:52:29.570 D  registerFont(MonoSpace,Source Code Pro)
2025-06-29 00:52:29.570 D  registerFont(MonoSpace,Source Code Pro)
2025-06-29 00:52:29.570 D  registerFont(MonoSpace,Source Code Pro)
2025-06-29 00:52:29.570 D  registerFont(MonoSpace,Source Code Pro)
2025-06-29 00:52:29.570 D  registerFont(MonoSpace,Source Code Pro)
2025-06-29 00:52:29.570 D  registerFont(MonoSpace,Source Code Pro ExtraLight)
2025-06-29 00:52:29.570 D  registerFont(MonoSpace,Source Code Pro ExtraLight)
2025-06-29 00:52:29.570 D  registerFont(MonoSpace,Source Code Pro ExtraLight)
2025-06-29 00:52:29.570 D  registerFont(MonoSpace,Source Code Pro ExtraLight)
2025-06-29 00:52:29.570 D  registerFont(MonoSpace,Source Code Pro ExtraLight)
2025-06-29 00:52:29.570 D  registerFont(MonoSpace,Source Code Pro ExtraLight)
2025-06-29 00:52:29.570 D  registerFont(MonoSpace,Source Code Pro ExtraLight)
2025-06-29 00:52:29.570 D  registerFont(MonoSpace,Source Code Pro Light)
2025-06-29 00:52:29.570 D  registerFont(MonoSpace,Source Code Pro Light)
2025-06-29 00:52:29.570 D  registerFont(MonoSpace,Source Code Pro Light)
2025-06-29 00:52:29.570 D  registerFont(MonoSpace,Source Code Pro Light)
2025-06-29 00:52:29.570 D  registerFont(MonoSpace,Source Code Pro Light)
2025-06-29 00:52:29.570 D  registerFont(MonoSpace,Source Code Pro Light)
2025-06-29 00:52:29.570 D  registerFont(MonoSpace,Source Code Pro Light)
2025-06-29 00:52:29.570 D  registerFont(MonoSpace,Source Code Pro Medium)
2025-06-29 00:52:29.570 D  registerFont(MonoSpace,Source Code Pro Medium)
2025-06-29 00:52:29.570 D  registerFont(MonoSpace,Source Code Pro Medium)
2025-06-29 00:52:29.570 D  registerFont(MonoSpace,Source Code Pro Medium)
2025-06-29 00:52:29.570 D  registerFont(MonoSpace,Source Code Pro Medium)
2025-06-29 00:52:29.570 D  registerFont(MonoSpace,Source Code Pro Medium)
2025-06-29 00:52:29.570 D  registerFont(MonoSpace,Source Code Pro Medium)
2025-06-29 00:52:29.570 D  registerFont(MonoSpace,Source Code Pro Semibold)
2025-06-29 00:52:29.570 D  registerFont(MonoSpace,Source Code Pro Semibold)
2025-06-29 00:52:29.570 D  registerFont(MonoSpace,Source Code Pro Semibold)
2025-06-29 00:52:29.570 D  registerFont(MonoSpace,Source Code Pro Semibold)
2025-06-29 00:52:29.570 D  registerFont(MonoSpace,Source Code Pro Semibold)
2025-06-29 00:52:29.570 D  registerFont(MonoSpace,Source Code Pro Semibold)
2025-06-29 00:52:29.570 D  registerFont(MonoSpace,Source Code Pro Semibold)
2025-06-29 00:52:29.570 D  registerFont(SansSerif,Source Sans Pro)
2025-06-29 00:52:29.570 D  registerFont(SansSerif,Source Sans Pro)
2025-06-29 00:52:29.570 D  registerFont(SansSerif,Source Sans Pro)
2025-06-29 00:52:29.570 D  registerFont(SansSerif,Source Sans Pro)
2025-06-29 00:52:29.570 D  registerFont(SansSerif,Source Sans Pro)
2025-06-29 00:52:29.570 D  registerFont(SansSerif,Source Sans Pro)
2025-06-29 00:52:29.570 D  registerFont(SansSerif,Source Sans Pro)
2025-06-29 00:52:29.570 D  registerFont(SansSerif,Source Sans Pro ExtraLight)
2025-06-29 00:52:29.570 D  registerFont(SansSerif,Source Sans Pro ExtraLight)
2025-06-29 00:52:29.570 D  registerFont(SansSerif,Source Sans Pro ExtraLight)
2025-06-29 00:52:29.570 D  registerFont(SansSerif,Source Sans Pro ExtraLight)
2025-06-29 00:52:29.570 D  registerFont(SansSerif,Source Sans Pro ExtraLight)
2025-06-29 00:52:29.570 D  registerFont(SansSerif,Source Sans Pro ExtraLight)
2025-06-29 00:52:29.570 D  registerFont(SansSerif,Source Sans Pro ExtraLight)
2025-06-29 00:52:29.570 D  registerFont(SansSerif,Source Sans Pro Light)
2025-06-29 00:52:29.570 D  registerFont(SansSerif,Source Sans Pro Light)
2025-06-29 00:52:29.570 D  registerFont(SansSerif,Source Sans Pro Light)
2025-06-29 00:52:29.570 D  registerFont(SansSerif,Source Sans Pro Light)
2025-06-29 00:52:29.570 D  registerFont(SansSerif,Source Sans Pro Light)
2025-06-29 00:52:29.570 D  registerFont(SansSerif,Source Sans Pro Light)
2025-06-29 00:52:29.570 D  registerFont(SansSerif,Source Sans Pro Light)
2025-06-29 00:52:29.570 D  registerFont(SansSerif,Source Sans Pro Semibold)
2025-06-29 00:52:29.570 D  registerFont(SansSerif,Source Sans Pro Semibold)
2025-06-29 00:52:29.571 D  registerFont(SansSerif,Source Sans Pro Semibold)
2025-06-29 00:52:29.571 D  registerFont(SansSerif,Source Sans Pro Semibold)
2025-06-29 00:52:29.571 D  registerFont(SansSerif,Source Sans Pro Semibold)
2025-06-29 00:52:29.571 D  registerFont(SansSerif,Source Sans Pro Semibold)
2025-06-29 00:52:29.571 D  registerFont(SansSerif,Source Sans Pro Semibold)
2025-06-29 00:52:29.572 D  registerFont(Serif,Source Serif Pro)
2025-06-29 00:52:29.572 D  registerFont(Serif,Source Serif Pro)
2025-06-29 00:52:29.572 D  registerFont(Serif,Source Serif Pro)
2025-06-29 00:52:29.572 D  registerFont(Serif,Source Serif Pro)
2025-06-29 00:52:29.572 D  registerFont(Serif,Source Serif Pro)
2025-06-29 00:52:29.572 D  registerFont(Serif,Source Serif Pro)
2025-06-29 00:52:29.572 D  registerFont(Serif,Source Serif Pro)
2025-06-29 00:52:29.572 D  registerFont(Serif,Source Serif Pro ExtraLight)
2025-06-29 00:52:29.572 D  registerFont(Serif,Source Serif Pro ExtraLight)
2025-06-29 00:52:29.572 D  registerFont(Serif,Source Serif Pro ExtraLight)
2025-06-29 00:52:29.572 D  registerFont(Serif,Source Serif Pro ExtraLight)
2025-06-29 00:52:29.572 D  registerFont(Serif,Source Serif Pro ExtraLight)
2025-06-29 00:52:29.572 D  registerFont(Serif,Source Serif Pro ExtraLight)
2025-06-29 00:52:29.572 D  registerFont(Serif,Source Serif Pro ExtraLight)
2025-06-29 00:52:29.572 D  registerFont(Serif,Source Serif Pro Light)
2025-06-29 00:52:29.572 D  registerFont(Serif,Source Serif Pro Light)
2025-06-29 00:52:29.572 D  registerFont(Serif,Source Serif Pro Light)
2025-06-29 00:52:29.572 D  registerFont(Serif,Source Serif Pro Light)
2025-06-29 00:52:29.572 D  registerFont(Serif,Source Serif Pro Light)
2025-06-29 00:52:29.572 D  registerFont(Serif,Source Serif Pro Light)
2025-06-29 00:52:29.572 D  registerFont(Serif,Source Serif Pro Light)
2025-06-29 00:52:29.572 D  registerFont(Serif,Source Serif Pro Semibold)
2025-06-29 00:52:29.572 D  registerFont(Serif,Source Serif Pro Semibold)
2025-06-29 00:52:29.572 D  registerFont(Serif,Source Serif Pro Semibold)
2025-06-29 00:52:29.572 D  registerFont(Serif,Source Serif Pro Semibold)
2025-06-29 00:52:29.572 D  registerFont(Serif,Source Serif Pro Semibold)
2025-06-29 00:52:29.572 D  registerFont(Serif,Source Serif Pro Semibold)
2025-06-29 00:52:29.572 D  registerFont(Serif,Source Serif Pro Semibold)
2025-06-29 00:52:29.572 D  registerFont(MonoSpace,Cascadia Code ExtraLight)
2025-06-29 00:52:29.572 D  registerFont(MonoSpace,Cascadia Code ExtraLight)
2025-06-29 00:52:29.572 D  registerFont(MonoSpace,Cascadia Code ExtraLight)
2025-06-29 00:52:29.572 D  registerFont(MonoSpace,Cascadia Code ExtraLight)
2025-06-29 00:52:29.572 D  registerFont(MonoSpace,Cascadia Code ExtraLight)
2025-06-29 00:52:29.572 D  registerFont(MonoSpace,Cascadia Code ExtraLight)
2025-06-29 00:52:29.572 D  registerFont(MonoSpace,Cascadia Code ExtraLight)
2025-06-29 00:52:29.572 D  registerFont(MonoSpace,Cascadia Code Light)
2025-06-29 00:52:29.572 D  registerFont(MonoSpace,Cascadia Code Light)
2025-06-29 00:52:29.572 D  registerFont(MonoSpace,Cascadia Code Light)
2025-06-29 00:52:29.572 D  registerFont(MonoSpace,Cascadia Code Light)
2025-06-29 00:52:29.572 D  registerFont(MonoSpace,Cascadia Code Light)
2025-06-29 00:52:29.572 D  registerFont(MonoSpace,Cascadia Code Light)
2025-06-29 00:52:29.572 D  registerFont(MonoSpace,Cascadia Code Light)
2025-06-29 00:52:29.572 D  registerFont(MonoSpace,Cascadia Code SemiLight)
2025-06-29 00:52:29.572 D  registerFont(MonoSpace,Cascadia Code SemiLight)
2025-06-29 00:52:29.572 D  registerFont(MonoSpace,Cascadia Code SemiLight)
2025-06-29 00:52:29.572 D  registerFont(MonoSpace,Cascadia Code SemiLight)
2025-06-29 00:52:29.572 D  registerFont(MonoSpace,Cascadia Code SemiLight)
2025-06-29 00:52:29.572 D  registerFont(MonoSpace,Cascadia Code SemiLight)
2025-06-29 00:52:29.572 D  registerFont(MonoSpace,Cascadia Code SemiLight)
2025-06-29 00:52:29.572 D  registerFont(MonoSpace,Cascadia Code)
2025-06-29 00:52:29.572 D  registerFont(MonoSpace,Cascadia Code)
2025-06-29 00:52:29.572 D  registerFont(MonoSpace,Cascadia Code)
2025-06-29 00:52:29.572 D  registerFont(MonoSpace,Cascadia Code)
2025-06-29 00:52:29.572 D  registerFont(MonoSpace,Cascadia Code)
2025-06-29 00:52:29.572 D  registerFont(MonoSpace,Cascadia Code)
2025-06-29 00:52:29.572 D  registerFont(MonoSpace,Cascadia Code)
2025-06-29 00:52:29.572 D  registerFont(MonoSpace,Cascadia Code SemiBold)
2025-06-29 00:52:29.572 D  registerFont(MonoSpace,Cascadia Code SemiBold)
2025-06-29 00:52:29.572 D  registerFont(MonoSpace,Cascadia Code SemiBold)
2025-06-29 00:52:29.573 D  registerFont(MonoSpace,Cascadia Code SemiBold)
2025-06-29 00:52:29.573 D  registerFont(MonoSpace,Cascadia Code SemiBold)
2025-06-29 00:52:29.573 D  registerFont(MonoSpace,Cascadia Code SemiBold)
2025-06-29 00:52:29.573 D  registerFont(MonoSpace,Cascadia Code SemiBold)
2025-06-29 00:52:29.573 D  registerFont(MonoSpace,Cascadia Mono ExtraLight)
2025-06-29 00:52:29.573 D  registerFont(MonoSpace,Cascadia Mono ExtraLight)
2025-06-29 00:52:29.573 D  registerFont(MonoSpace,Cascadia Mono ExtraLight)
2025-06-29 00:52:29.573 D  registerFont(MonoSpace,Cascadia Mono ExtraLight)
2025-06-29 00:52:29.573 D  registerFont(MonoSpace,Cascadia Mono ExtraLight)
2025-06-29 00:52:29.573 D  registerFont(MonoSpace,Cascadia Mono ExtraLight)
2025-06-29 00:52:29.573 D  registerFont(MonoSpace,Cascadia Mono ExtraLight)
2025-06-29 00:52:29.573 D  registerFont(MonoSpace,Cascadia Mono Light)
2025-06-29 00:52:29.573 D  registerFont(MonoSpace,Cascadia Mono Light)
2025-06-29 00:52:29.573 D  registerFont(MonoSpace,Cascadia Mono Light)
2025-06-29 00:52:29.573 D  registerFont(MonoSpace,Cascadia Mono Light)
2025-06-29 00:52:29.573 D  registerFont(MonoSpace,Cascadia Mono Light)
2025-06-29 00:52:29.573 D  registerFont(MonoSpace,Cascadia Mono Light)
2025-06-29 00:52:29.573 D  registerFont(MonoSpace,Cascadia Mono Light)
2025-06-29 00:52:29.573 D  registerFont(MonoSpace,Cascadia Mono SemiLight)
2025-06-29 00:52:29.573 D  registerFont(MonoSpace,Cascadia Mono SemiLight)
2025-06-29 00:52:29.573 D  registerFont(MonoSpace,Cascadia Mono SemiLight)
2025-06-29 00:52:29.573 D  registerFont(MonoSpace,Cascadia Mono SemiLight)
2025-06-29 00:52:29.573 D  registerFont(MonoSpace,Cascadia Mono SemiLight)
2025-06-29 00:52:29.573 D  registerFont(MonoSpace,Cascadia Mono SemiLight)
2025-06-29 00:52:29.573 D  registerFont(MonoSpace,Cascadia Mono SemiLight)
2025-06-29 00:52:29.573 D  registerFont(MonoSpace,Cascadia Mono)
2025-06-29 00:52:29.573 D  registerFont(MonoSpace,Cascadia Mono)
2025-06-29 00:52:29.573 D  registerFont(MonoSpace,Cascadia Mono)
2025-06-29 00:52:29.573 D  registerFont(MonoSpace,Cascadia Mono)
2025-06-29 00:52:29.573 D  registerFont(MonoSpace,Cascadia Mono)
2025-06-29 00:52:29.573 D  registerFont(MonoSpace,Cascadia Mono)
2025-06-29 00:52:29.573 D  registerFont(MonoSpace,Cascadia Mono)
2025-06-29 00:52:29.573 D  registerFont(MonoSpace,Cascadia Mono SemiBold)
2025-06-29 00:52:29.573 D  registerFont(MonoSpace,Cascadia Mono SemiBold)
2025-06-29 00:52:29.573 D  registerFont(MonoSpace,Cascadia Mono SemiBold)
2025-06-29 00:52:29.573 D  registerFont(MonoSpace,Cascadia Mono SemiBold)
2025-06-29 00:52:29.573 D  registerFont(MonoSpace,Cascadia Mono SemiBold)
2025-06-29 00:52:29.573 D  registerFont(MonoSpace,Cascadia Mono SemiBold)
2025-06-29 00:52:29.573 D  registerFont(MonoSpace,Cascadia Mono SemiBold)
2025-06-29 00:52:29.573 D  registerFont(MonoSpace,SimSun-ExtG)
2025-06-29 00:52:29.573 D  registerFont(MonoSpace,SimSun-ExtG)
2025-06-29 00:52:29.573 D  registerFont(Serif,Noto Sans JP Thin)
2025-06-29 00:52:29.573 D  registerFont(Serif,Noto Sans JP Thin)
2025-06-29 00:52:29.573 D  registerFont(Serif,Noto Sans JP Thin)
2025-06-29 00:52:29.573 D  registerFont(Serif,Noto Sans JP Thin)
2025-06-29 00:52:29.573 D  registerFont(Serif,Noto Sans JP Thin)
2025-06-29 00:52:29.573 D  registerFont(Serif,Noto Sans JP Thin)
2025-06-29 00:52:29.573 D  registerFont(Serif,Noto Sans JP Light)
2025-06-29 00:52:29.573 D  registerFont(Serif,Noto Sans JP Light)
2025-06-29 00:52:29.573 D  registerFont(Serif,Noto Sans JP Light)
2025-06-29 00:52:29.573 D  registerFont(Serif,Noto Sans JP Light)
2025-06-29 00:52:29.573 D  registerFont(Serif,Noto Sans JP Light)
2025-06-29 00:52:29.573 D  registerFont(Serif,Noto Sans JP Light)
2025-06-29 00:52:29.573 D  registerFont(Serif,Noto Sans JP DemiLight)
2025-06-29 00:52:29.573 D  registerFont(Serif,Noto Sans JP DemiLight)
2025-06-29 00:52:29.573 D  registerFont(Serif,Noto Sans JP DemiLight)
2025-06-29 00:52:29.573 D  registerFont(Serif,Noto Sans JP DemiLight)
2025-06-29 00:52:29.573 D  registerFont(Serif,Noto Sans JP DemiLight)
2025-06-29 00:52:29.573 D  registerFont(Serif,Noto Sans JP DemiLight)
2025-06-29 00:52:29.574 D  registerFont(Serif,Noto Sans JP)
2025-06-29 00:52:29.574 D  registerFont(Serif,Noto Sans JP)
2025-06-29 00:52:29.574 D  registerFont(Serif,Noto Sans JP)
2025-06-29 00:52:29.574 D  registerFont(Serif,Noto Sans JP)
2025-06-29 00:52:29.574 D  registerFont(Serif,Noto Sans JP)
2025-06-29 00:52:29.574 D  registerFont(Serif,Noto Sans JP)
2025-06-29 00:52:29.574 D  registerFont(Serif,Noto Sans JP Medium)
2025-06-29 00:52:29.574 D  registerFont(Serif,Noto Sans JP Medium)
2025-06-29 00:52:29.574 D  registerFont(Serif,Noto Sans JP Medium)
2025-06-29 00:52:29.574 D  registerFont(Serif,Noto Sans JP Medium)
2025-06-29 00:52:29.574 D  registerFont(Serif,Noto Sans JP Medium)
2025-06-29 00:52:29.574 D  registerFont(Serif,Noto Sans JP Medium)
2025-06-29 00:52:29.574 D  registerFont(Serif,Noto Sans JP Black)
2025-06-29 00:52:29.574 D  registerFont(Serif,Noto Sans JP Black)
2025-06-29 00:52:29.574 D  registerFont(Serif,Noto Sans JP Black)
2025-06-29 00:52:29.574 D  registerFont(Serif,Noto Sans JP Black)
2025-06-29 00:52:29.574 D  registerFont(Serif,Noto Sans JP Black)
2025-06-29 00:52:29.574 D  registerFont(Serif,Noto Sans JP Black)
2025-06-29 00:52:29.574 D  registerFont(SansSerif,Patrick Hand)
2025-06-29 00:52:29.574 D  registerFont(SansSerif,Patrick Hand)
2025-06-29 00:52:29.574 D  registerFont(SansSerif,Patrick Hand)
2025-06-29 00:52:29.574 D  registerFont(SansSerif,Patrick Hand)
2025-06-29 00:52:29.574 D  registerFont(SansSerif,Patrick Hand)
2025-06-29 00:52:29.574 D  registerFont(SansSerif,Power Green)
2025-06-29 00:52:29.574 D  registerFont(SansSerif,Power Green)
2025-06-29 00:52:29.574 D  registerFont(SansSerif,Power Green Narrow)
2025-06-29 00:52:29.574 D  registerFont(SansSerif,Power Green Narrow)
2025-06-29 00:52:29.574 D  registerFont(SansSerif,Power Green Small)
2025-06-29 00:52:29.574 D  registerFont(SansSerif,Power Green Small)
2025-06-29 00:52:29.574 D  registerFont(SansSerif,Power Clear)
2025-06-29 00:52:29.574 D  registerFont(SansSerif,Power Clear)
2025-06-29 00:52:29.574 D  registerFont(SansSerif,Power Red and Green)
2025-06-29 00:52:29.574 D  registerFont(SansSerif,Power Red and Green)
2025-06-29 00:52:29.574 D  registerFont(SansSerif,Power Red and Blue)
2025-06-29 00:52:29.574 D  registerFont(SansSerif,Power Red and Blue)
2025-06-29 00:52:29.574 D  registerFont(SansSerif,Power Red and Blue Intl)
2025-06-29 00:52:29.574 D  registerFont(SansSerif,Power Red and Blue Intl)
2025-06-29 00:52:29.574 I  Found 1026 font faces
2025-06-29 00:52:29.574 D  initResourceManagers()
2025-06-29 00:52:29.575 I  Creating ImageCache
2025-06-29 00:52:29.575 I  Creating DrawableCache
2025-06-29 00:52:29.575 D  Calling initSharedResourceManagers()
2025-06-29 00:52:29.575 D  Calling initStandardEditorActions()
2025-06-29 00:52:29.575 D  Calling registerStandardWidgets()
2025-06-29 00:52:29.575 D  Registering standard widgets for DML
2025-06-29 00:52:29.575 D  initResourceManagers() -- finished
2025-06-29 00:52:29.575 D  Creating default theme
2025-06-29 00:52:29.575 I  Entering UIAppMain: ["C:\\Users\\Lyndon\\Documents\\VSProjects\\KritaLayers\\krita-layers.exe"]
2025-06-29 00:52:29.575 D  Platform.createWindow is called
2025-06-29 00:52:29.575 V  Platform.createWindow : setDefaultLanguageAndThemeIfNecessary
2025-06-29 00:52:29.575 V  setDefaultLanguageAndThemeIfNecessary : setting UI language
2025-06-29 00:52:29.575 V  Loading language file
2025-06-29 00:52:29.575 D  Loading string resources from file @embedded@/std_en.ini
2025-06-29 00:52:29.575 V  Calling onThemeChanged
2025-06-29 00:52:29.575 D  DrawableCache.clear()
2025-06-29 00:52:29.575 V  setDefaultLanguageAndThemeIfNecessary : setting UI theme
2025-06-29 00:52:29.575 V  uiTheme setting new theme theme_default
2025-06-29 00:52:29.575 D  <?xml version="1.0" encoding="utf-8"?>
<theme id="theme_default"
        fontSize="10pt"
        fontFace="Helvetica Neue,Verdana,Arial,DejaVu Sans,Liberation Sans,Helvetica,Roboto,Droid Sans"
        fontFamily="SansSerif"
        >
    <color id="window_background" value="#FFFFFF"/>
    <color id="dialog_background" value="#EEEEEE"/>
    <color id="edit_background" value="#FFFFFF"/>
    <color id="edit_caret" value="#000000"/>
    <color id="edit_caret_replace" value="#808080FF"/>
    <color id="editor_matching_bracket_highlight" value="#60FFE0B0"/>
    <color id="editor_selection_focused" value="#B060A0FF"/>
    <color id="editor_selection_normal" value="#D060A0FF"/>
    <color id="editor_search_highlight_current" value="#60A0C0FF"/>
    <color id="editor_search_highlight_other" value="#90F0D080"/>
    <color id="editor_left_pane_background" value="#F4F4F4"/>
    <color id="editor_left_pane_background2" value="#FFFFFF"/>
    <color id="editor_left_pane_background3" value="#F0F0F0"/>
    <color id="editor_left_pane_line_number_text" value="#4060D0"/>
    <color id="editor_left_pane_line_number_background" value="#F8F8F8"/>
    <color id="editor_left_pane_line_icon_color_breakpoint" value="#FF0000"/>
    <color id="editor_left_pane_line_icon_color_bookmark" value="#0000FF"/>
    <color id="editor_left_pane_line_icon_color_error" value="#80FF0000"/>

    <color id="grid_selection_color" value="#804040FF"/>
    <color id="grid_selection_color_row" value="#C0A0B0FF"/>
    <color id="grid_cell_background_fixed" value="#C0E0E0E0"/>
    <color id="grid_cell_border_color" value="#C0C0C0C0"/>
    <color id="grid_cell_border_color_header" value="#C0202020"/>
    <color id="grid_cell_background_header" value="#C0909090"/>
    <color id="grid_cell_background_header_selected" value="#80FFC040"/>
    <color id="file_dialog_dir_name_color" value="#000080"/>

    <style id="BUTTON"
        backgroundImageId="btn_background"
        align="Center"
        margins="3pt,3pt,3pt,3pt"
        focusRectColors="#000"
        textFlags="UnderlineHotKeys"
        >
        <state state_enabled="true" state_hovered="true" textColor="#006080"/>
        <state state_enabled="false" textColor="#80000000"/>
    </style>
    <style id="BUTTON_TRANSPARENT"
        backgroundImageId="btn_background_transparent"
        align="Center"
        />
    <style id="BUTTON_CHECK_TRANSPARENT"
        backgroundImageId="btn_background_check_transparent"
        align="Center"
        />
    <style id="BUTTON_LABEL"
        layoutWidth="FILL_PARENT"
        margins="2pt,2pt,2pt,2pt"
        align="Left|VCenter"
        textFlags="UnderlineHotKeys"
        >
        <state state_enabled="false" textColor="#80000000"/>
        <state state_enabled="true" state_hovered="true" textColor="#006080"/>
    </style>
    <style id="BUTTON_LABEL_LINK" parent="BUTTON_LABEL"
        textColor="#0000C0"
        >
        <state state_enabled="false" textColor="#60C0C0FF"/>
        <state state_enabled="true" state_hovered="true" textColor="#8080FF" textFlags="Underline"/>
    </style>
    <style id="BUTTON_IMAGE"
        margins="2,2,2,2"
        align="Center"
        />
    <style id="SWITCH"
        margins="2,2,2,2"
        align="Center"
        backgroundImageId="switch"
        />
    <style id="CHECKBOX"
        backgroundImageId="@null"
        margins="2,2,2,2"
        padding="2,2,2,2"
	focusRectColors="@null"
        />
    <style id="CHECKBOX_IMAGE" parent="BUTTON_IMAGE"
        align="Center"
        margins="2,2,2,2"
        />
    <style id="CHECKBOX_LABEL" parent="BUTTON_LABEL"
        align="Left|VCenter"
	focusRectColors="#000"
        >
        <state state_enabled="true" state_hovered="true" textColor="#006080"/>
        <state state_enabled="false" textColor="#909090"/>
    </style>
    <style id="RADIOBUTTON" parent="CHECKBOX"
        margins="2,2,2,2"
        padding="2,2,2,2"
        />
    <style id="RADIOBUTTON_IMAGE" parent="CHECKBOX_IMAGE"
        align="Center"
        margins="2,2,2,2"
        />
    <style id="RADIOBUTTON_LABEL" parent="CHECKBOX_LABEL"
        align="Left|VCenter"
	focusRectColors="#000"
        >
        <state state_enabled="true" state_hovered="true" textColor="#006080"/>
        <state state_enabled="false" textColor="#909090"/>
    </style>
    <style id="TEXT"
        margins="2,2,2,2"
        padding="1,1,1,1"
        align="Left|VCenter"
        >
        <state state_enabled="false" textColor="#A0000000"/>
    </style>
    <style id="MULTILINE_TEXT"
        margins="2,2,2,2"
        padding="1,1,1,1"
        align="Left|VCenter"
        maxLines="0"
        >
        <state state_enabled="false" textColor="#A0000000"/>
    </style>
    <style id="HSPACER"
        layoutWidth="FILL_PARENT"
        layoutWeight="100"
        minWidth="5"
        />
    <style id="VSPACER"
        layoutHeight="FILL_PARENT"
        layoutWeight="100"
        minHeight="5"
        />
    <style id="BUTTON_NOMARGINS"
        backgroundImageId="btn_background"
        align="Center"
        />
    <color id="sample_color_rgb" value="#8CF"/>
    <color id="sample_color_argb" value="#48CF"/>
    <color id="sample_color_rrggbb" value="#80C0F0"/>
    <color id="sample_color_aarrggbb" value="#4080C0F0"/>
    <drawable id="btn_check" value="btn_check"/>
    <drawable id="btn_radio" value="btn_radio"/>
    <drawable id="scrollbar_button_up" value="scrollbar_btn_up"/>
    <drawable id="scrollbar_button_down" value="scrollbar_btn_down"/>
    <drawable id="scrollbar_button_left" value="scrollbar_btn_left"/>
    <drawable id="scrollbar_button_right" value="scrollbar_btn_right"/>
    <drawable id="scrollbar_indicator_vertical" value="scrollbar_indicator_vertical"/>
    <drawable id="scrollbar_indicator_horizontal" value="scrollbar_indicator_horizontal"/>
    <style id="SCROLLBAR"
        backgroundColor="#dce2e8"
        align="Center"
        />
    <style id="SLIDER"
        backgroundImageId="slider_background"
        align="Center"
        />
    <style id="SCROLLBAR_BUTTON"
        backgroundImageId="scrollbar_btn_background"
        align="Center"
        />
    <style id="SCROLLBAR_BUTTON_TRANSPARENT"
        backgroundImageId="scrollbar_btn_transparent_background"
        align="Center"
        />
    <style id="SLIDER"
        />
    <style id="PAGE_SCROLL"
        backgroundColor="#FFFFFFFF"
        >
        <state state_pressed="true" backgroundColor="#C0404080"/>
        <state state_hovered="true" backgroundColor="#F0404080"/>
    </style>

    <style id="TAB_DOWN_DARK"
        backgroundImageId="dock_window_caption_background_down"
        layoutWidth="FILL_PARENT"
        >
    </style>
    <style id="TAB_DOWN_BUTTON_DARK"
        padding="2pt,1pt,2pt,1pt"
        backgroundImageId="tab_btn_dark_down"
        />
    <style id="TAB_DOWN_BUTTON"
        padding="2pt,1pt,2pt,1pt"
        backgroundImageId="tab_btn_down"
        />
    <style id="TAB_UP_DARK"
        backgroundImageId="dock_window_caption_background"
        layoutWidth="FILL_PARENT"
        >
    </style>
    <style id="TAB_UP_BUTTON_DARK"
        padding="2pt,1pt,2pt,1pt"
        backgroundImageId="tab_btn_dark_up"
        >
        <length id="overlap" value="2"/>
    </style>
    <style id="TAB_UP_BUTTON_DARK_TEXT"
        textColor="#000000"
        align="Center"
        >
        <state state_selected="false" state_window_focused="false" state_hovered="false" textColor="#9c9c9c"/>
    </style>
    <style id="TAB_UP"
        backgroundImageId="tab_up_background"
        layoutWidth="FILL_PARENT"
        >
        <state state_selected="true" backgroundImageId="tab_up_backgrond_selected"/>
    </style>
    <style id="TAB_UP_BUTTON_TEXT"
        padding="3pt,1pt,3pt,1pt"
        textColor="#000000"
        align="Center"
        >
        <state state_selected="true" state_focused="true" textColor="#000000"/>
        <state state_selected="true" textColor="#000000"/>
        <state state_focused="true" textColor="#000000"/>
        <state state_hovered="true" textColor="#0000C0"/>
    </style>
    <style id="TAB_UP_BUTTON"
        padding="2pt,1pt,2pt,1pt"
        backgroundImageId="tab_btn_up"
        />
    <style id="TAB_HOST"
        layoutWidth="FILL_PARENT"
        layoutHeight="FILL_PARENT"
        backgroundColor="#F0F0F0"
        />
    <style id="TAB_WIDGET"
        backgroundColor="#EEEEEE"
        />

    <style id="MAIN_MENU"
        layoutWidth="FILL_PARENT"
        backgroundImageId="main_menu_background"
	layoutWeight="0"
        />
    <style id="MAIN_MENU_ITEM"
        padding="3pt,2pt,3pt,2pt"
        backgroundImageId="main_menu_item_background"
        textFlags="Parent"
        />
    <style id="MENU_ITEM"
        backgroundImageId="menu_item_background"
        padding="3pt,2pt,3pt,2pt"
        >
    </style>
    <style id="MENU_SEPARATOR"
        backgroundImageId="menu_separator"
        padding="3pt,2pt,3pt,2pt"
        >
    </style>
    <style id="MENU_ICON"
        margins="2pt,2pt,2pt,2pt"
        align="Left|VCenter"
        >
        <state state_enabled="false" alpha="160"/>
    </style>
    <style id="MENU_LABEL"
        margins="2pt,1pt,2pt,1pt"
        align="Left|VCenter"
        textFlags="UnderlineHotKeys"
        >
        <state state_enabled="false" textColor="#80404040"/>
    </style>
    <style id="MAIN_MENU_LABEL"
        margins="2pt,1pt,2pt,1pt"
        align="Left|VCenter"
        textFlags="Parent"
        >
        <state state_enabled="false" textColor="#80404040"/>
    </style>
    <style id="MENU_ACCEL"
        margins="2pt,1pt,2pt,1pt"
        align="Left|VCenter"
        >
        <state state_enabled="false" textColor="#80404040"/>
    </style>
    <style id="TRANSPARENT_BUTTON_BACKGROUND"
        backgroundImageId="btn_background_transparent"
        padding="2pt,1pt,2pt,1pt"
        />
    <style id="POPUP_MENU"
        backgroundImageId="popup_menu_background_normal"
        />
    <style id="LIST_ITEM"
        backgroundImageId="list_item_background"
        />

    <style id="COMBO_BOX"
        backgroundImageId="combobox_background"
        padding="2pt,2pt,2pt,2pt"
        margins="2pt,2pt,2pt,2pt"
        minWidth="40"
        />
    <style id="COMBO_BOX_BODY"
        padding="2pt,2pt,2pt,2pt"
        minWidth="40"
        align="Left|VCenter"
	focusRectColors="#000"
        />
    <style id="COMBO_BOX_BUTTON"
        padding="2pt,2pt,2pt,2pt"
        backgroundImageId="btn_background_transparent"
        align="Center"
        />

    <style id="EDIT_LINE"
        backgroundImageId="editbox_background"
        padding="3pt,3pt,3pt,3pt"
        margins="1pt,1pt,1pt,1pt"
        minWidth="40"
        />
    <style id="EDIT_BOX"
        fontFace="Menlo,Consolas,DejaVuSansMono,Lucida Sans Typewriter,Courier New,Lucida Console"
        backgroundImageId="editbox_background"
        padding="2pt,2pt,2pt,2pt"
        margins="2pt,2pt,2pt,2pt"
        minWidth="100"
        minHeight="60"
        layoutWidth="FILL_PARENT"
        layoutHeight="FILL_PARENT"
        />
    <style id="LOG_WIDGET"
        fontFace="Menlo,Consolas,DejaVuSansMono,DejaVu Sans Mono,Lucida Sans Typewriter,Courier New,Lucida Console"
        fontSize="9pt"
        fontFamily="MonoSpace"
        backgroundImageId="editbox_background"
        padding="2pt,2pt,2pt,2pt"
        margins="2pt,2pt,2pt,2pt"
        minWidth="100"
        minHeight="60"
        layoutWidth="FILL_PARENT"
        layoutHeight="FILL_PARENT"
        />
    <style id="LIST_BOX"
        backgroundImageId="editbox_background"
        padding="2pt,2pt,2pt,2pt"
        margins="2pt,2pt,2pt,2pt"
        layoutWidth="FILL_PARENT"
        layoutHeight="FILL_PARENT"
        />
    <style id="EDIT_BOX_NO_FRAME"
        fontFace="Menlo,Consolas,DejaVuSansMono,Lucida Sans Typewriter,Courier New,Lucida Console"
        backgroundColor="#FFFFFF"
        padding="2pt,2pt,2pt,2pt"
        margins="2pt,2pt,2pt,2pt"
        minWidth="100"
        minHeight="60"
        layoutWidth="FILL_PARENT"
        layoutHeight="FILL_PARENT"
        />
    <style id="STRING_GRID"
        backgroundImageId="editbox_background"
        padding="2pt,2pt,2pt,2pt"
        margins="2pt,2pt,2pt,2pt"
        minWidth="100"
        minHeight="60"
        layoutWidth="FILL_PARENT"
        layoutHeight="FILL_PARENT"
        />
    <style id="FILE_DIALOG_GRID"
        backgroundImageId="editbox_background"
        padding="2pt,2pt,2pt,2pt"
        margins="2pt,2pt,2pt,2pt"
        minWidth="100"
        minHeight="60"
        layoutWidth="FILL_PARENT"
        layoutHeight="FILL_PARENT"
        />
    <style id="STATUS_LINE"
        backgroundColor="#eceffa"
        layoutWidth="FILL_PARENT"
        layoutHeight="WRAP_CONTENT"
        padding="1pt,1pt,1pt,1pt"
	layoutWeight="0"
        />
    <style id="DOCK_HOST"
        backgroundColor="#eceffa"
        layoutWidth="FILL_PARENT"
        layoutHeight="FILL_PARENT"
        padding="2pt,2pt,2pt,2pt"
        />
    <style id="DOCK_HOST_BODY"
        layoutWidth="FILL_PARENT"
        layoutHeight="FILL_PARENT"
        padding="0,0,0,0"
        margins="3pt,3pt,3pt,3pt"
        />
    <style id="DOCK_WINDOW"
        backgroundImageId="dock_window_background"
        layoutWidth="FILL_PARENT"
        layoutHeight="FILL_PARENT"
        padding="0,0,0,0"
        margins="2,2,2,2"
        />
    <style id="FLOATING_WINDOW"
        backgroundImageId="popup_window_background"
        layoutWidth="FILL_PARENT"
        layoutHeight="FILL_PARENT"
        padding="1pt,1pt,1pt,1pt"
        margins="4pt,4pt,4pt,4pt"
        />
    <style id="DOCK_WINDOW_CAPTION"
        backgroundImageId="dock_window_caption_background"
        layoutWidth="FILL_PARENT"
        layoutHeight="WRAP_CONTENT"
        padding="1pt,1pt,1pt,1pt"
        />
    <style id="DOCK_WINDOW_CAPTION_LABEL"
        textColor="#000000"
        layoutWidth="FILL_PARENT"
        layoutHeight="WRAP_CONTENT"
        padding="3pt,3pt,3pt,3pt"
        align="Left|VCenter"
        />
    <style id="DOCK_WINDOW_BODY"
        layoutWidth="FILL_PARENT"
        layoutHeight="FILL_PARENT"
        padding="3,3,3,3"
        />

    <style id="TOOLBAR_HOST"
        backgroundImageId="toolbar_host_background"
        layoutWidth="FILL_PARENT"
        layoutHeight="WRAP_CONTENT"
        padding="1pt,1pt,1pt,1pt"
        />
    <style id="TOOLTIP"
        backgroundImageId="tooltip_background"
        layoutWidth="WRAP_CONTENT"
        layoutHeight="WRAP_CONTENT"
        margins="2pt,5pt,2pt,1pt"
        padding="2pt,2pt,2pt,2pt"
	textColor="#404040"
        />
    <style id="TOOLBAR"
        backgroundImageId="toolbar_background"
        layoutWidth="WRAP_CONTENT"
        layoutHeight="WRAP_CONTENT"
        margins="2pt,1pt,2pt,1pt"
        />
    <style id="TOOLBAR_BUTTON"
        backgroundImageId="toolbar_button_background"
        align="Center"
        margins="1pt,1pt,1pt,1pt"
        padding="2pt,2pt,2pt,2pt"
        >
        <state state_enabled="false" alpha="160" backgroundImageId="toolbar_button_null"/>
    </style>
    <style id="TOOLBAR_CONTROL"
        backgroundImageId="toolbar_control_background"
        align="Center"
        margins="1pt,1pt,1pt,1pt"
        padding="2pt,2pt,2pt,2pt"
        >
        <state state_enabled="false" alpha="160" backgroundImageId="@null"/>
    </style>
    <style id="TOOLBAR_SEPARATOR"
        align="Center"
        />

    <style id="TREE_ITEM"
        minWidth="100"
        minHeight="14"
        layoutWidth="FILL_PARENT"
        layoutHeight="WRAP_CONTENT"
        >
    </style>
    <style id="TREE_ITEM_EXPAND_ICON"
        align="Left|VCenter"
        textFlags="Parent"
    />
    <style id="TREE_ITEM_BODY"
        align="Left|VCenter"
        textFlags="Parent"
        backgroundImageId="list_item_background"
    />
    <style id="TREE_ITEM_ICON"
        align="Left|VCenter"
        textFlags="Parent"
    />
    <style id="TREE_ITEM_LABEL"
        layoutWidth="FILL_PARENT"
        layoutHeight="WRAP_CONTENT"
        align="Left|VCenter"
        textFlags="Parent"
        >
        <state state_default="true" fontWeight="bold"/>
    </style>

    <style id="SETTINGS_TREE"
        margins="5pt,5pt,5pt,5pt"
        backgroundColor="#FFFFFF"
        layoutWeight="3"
    />

    <style id="SETTINGS_PAGES"
        margins="0,8pt,8pt,8pt"
        padding="4pt,4pt,4pt,4pt"
        layoutWidth="FILL_PARENT"
        layoutWeight="5"
    />

    <style id="SETTINGS_PAGE_TITLE"
        margins="4pt,4pt,4pt,10pt"
	fontSize="120%"
	layoutWeight="0"
        layoutWidth="FILL_PARENT"
    />

    <style id="RESIZER_VERTICAL"
        layoutWidth="FILL_PARENT"
        layoutHeight="WRAP_CONTENT"
	minHeight="7pt"
	maxHeight="7pt"
	backgroundColor="#E0E0E0">
        <state state_focused="true" backgroundColor="#40C0C000"/>
        <state state_pressed="true" backgroundColor="#4080C000"/>
        <state state_selected="true" backgroundColor="#00F8F9Fa"/>
        <state state_hovered="true" backgroundColor="#C0FFFF00"/>
    </style>
    <style id="RESIZER_HORIZONTAL"
        layoutWidth="FILL_PARENT"
        layoutHeight="WRAP_CONTENT"
	minWidth="7pt"
	maxWidth="7pt"
	backgroundColor="#E0E0E0">
        <state state_focused="true" backgroundColor="#40C0C000"/>
        <state state_pressed="true" backgroundColor="#4080C000"/>
        <state state_selected="true" backgroundColor="#00F8F9Fa"/>
        <state state_hovered="true" backgroundColor="#C0FFFF00"/>
    </style>

    <style id="GROUP_BOX"
        margins="2pt,4pt,2pt,2pt">
        <drawable id="group_box_frame_up_left" value="group_box_frame_up_left"/>
        <drawable id="group_box_frame_up_right" value="group_box_frame_up_right"/>
        <drawable id="group_box_frame_bottom" value="group_box_frame_bottom"/>
    </style>

    <style id="GROUP_BOX_CAPTION"
        align="Left|VCenter"
	textColor="#504840"
        padding="1pt,1pt,1pt,1pt">
    </style>

    <style id="PROGRESS_BAR"
        padding="2pt,2pt,2pt,2pt"
        margins="2pt,2pt,2pt,2pt"
        minWidth="50pt"
        minHeight="16pt"
        backgroundImageId="progress_bar_background_frame"
        >
        <drawable id="progress_bar_gauge" value="#4080FF"/>
        <drawable id="progress_bar_gauge_animation" value="progress_bar_gauge_animation.tiled"/>
        <drawable id="progress_bar_indeterminate" value="#80C080"/>
        <drawable id="progress_bar_indeterminate_animation" value="progress_bar_gauge_animation.tiled"/>
    </style>

   <style id="SIMPLE_BAR_CHART"
        padding="2pt,2pt,2pt,2pt"
        margins="2pt,2pt,2pt,2pt"
        minWidth="250pt"
        >
        <color id="chart_background_color" value="#FFFFFF"/>
        <color id="chart_axis_color" value="#C0C0C0"/>
        <color id="chart_segment_tag_color" value="#C0C0C0"/>
   </style>

</theme>


2025-06-29 00:52:29.576 D  ["state_hovered":"true", "textColor":"#006080", "state_enabled":"true"]
2025-06-29 00:52:29.576 D  ["textColor":"#80000000", "state_enabled":"false"]
2025-06-29 00:52:29.576 D  ["textColor":"#80000000", "state_enabled":"false"]
2025-06-29 00:52:29.576 D  ["state_hovered":"true", "textColor":"#006080", "state_enabled":"true"]
2025-06-29 00:52:29.576 D  ["textColor":"#60C0C0FF", "state_enabled":"false"]
2025-06-29 00:52:29.576 D  ["state_hovered":"true", "textColor":"#8080FF", "state_enabled":"true", "textFlags":"Underline"]
2025-06-29 00:52:29.576 D  ["state_hovered":"true", "textColor":"#006080", "state_enabled":"true"]
2025-06-29 00:52:29.576 D  ["textColor":"#909090", "state_enabled":"false"]
2025-06-29 00:52:29.577 D  ["state_hovered":"true", "textColor":"#006080", "state_enabled":"true"]
2025-06-29 00:52:29.577 D  ["textColor":"#909090", "state_enabled":"false"]
2025-06-29 00:52:29.577 D  ["textColor":"#A0000000", "state_enabled":"false"]
2025-06-29 00:52:29.577 D  ["textColor":"#A0000000", "state_enabled":"false"]
2025-06-29 00:52:29.577 D  ["backgroundColor":"#C0404080", "state_pressed":"true"]
2025-06-29 00:52:29.577 D  ["backgroundColor":"#F0404080", "state_hovered":"true"]
2025-06-29 00:52:29.577 D  ["state_window_focused":"false", "state_hovered":"false", "textColor":"#9c9c9c", "state_selected":"false"]
2025-06-29 00:52:29.577 D  ["state_selected":"true", "backgroundImageId":"tab_up_backgrond_selected"]
2025-06-29 00:52:29.577 D  ["textColor":"#000000", "state_selected":"true", "state_focused":"true"]
2025-06-29 00:52:29.577 D  ["textColor":"#000000", "state_selected":"true"]
2025-06-29 00:52:29.577 D  ["textColor":"#000000", "state_focused":"true"]
2025-06-29 00:52:29.577 D  ["state_hovered":"true", "textColor":"#0000C0"]
2025-06-29 00:52:29.577 D  ["alpha":"160", "state_enabled":"false"]
2025-06-29 00:52:29.577 D  ["textColor":"#80404040", "state_enabled":"false"]
2025-06-29 00:52:29.577 D  ["textColor":"#80404040", "state_enabled":"false"]
2025-06-29 00:52:29.577 D  ["textColor":"#80404040", "state_enabled":"false"]
2025-06-29 00:52:29.577 D  ["alpha":"160", "state_enabled":"false", "backgroundImageId":"toolbar_button_null"]
2025-06-29 00:52:29.577 D  ["alpha":"160", "state_enabled":"false", "backgroundImageId":"@null"]
2025-06-29 00:52:29.577 D  ["state_default":"true", "fontWeight":"bold"]
2025-06-29 00:52:29.578 D  ["backgroundColor":"#40C0C000", "state_focused":"true"]
2025-06-29 00:52:29.578 D  ["backgroundColor":"#4080C000", "state_pressed":"true"]
2025-06-29 00:52:29.578 D  ["backgroundColor":"#00F8F9Fa", "state_selected":"true"]
2025-06-29 00:52:29.578 D  ["backgroundColor":"#C0FFFF00", "state_hovered":"true"]
2025-06-29 00:52:29.578 D  ["backgroundColor":"#40C0C000", "state_focused":"true"]
2025-06-29 00:52:29.578 D  ["backgroundColor":"#4080C000", "state_pressed":"true"]
2025-06-29 00:52:29.578 D  ["backgroundColor":"#00F8F9Fa", "state_selected":"true"]
2025-06-29 00:52:29.578 D  ["backgroundColor":"#C0FFFF00", "state_hovered":"true"]
2025-06-29 00:52:29.578 I  Applying loaded theme theme_default
2025-06-29 00:52:29.578 D  DrawableCache.clear()
2025-06-29 00:52:29.578 V  Platform.createWindow : new Win32Window
2025-06-29 00:52:29.578 D  Screen dimensions: Rect(0, 0, 1440, 900)
2025-06-29 00:52:29.581 D  Window onCreate
2025-06-29 00:52:29.581 V  created window, adding to map
2025-06-29 00:52:29.697 D  glSupport not initialized: trying to create
2025-06-29 00:52:29.697 V  Compiling solid fill program
2025-06-29 00:52:29.697 D  compileShader: glslVersion = 4.40, type: GL_VERTEX_SHADER
2025-06-29 00:52:29.697 D  compileShader: glslVersion = 4.40, type: GL_FRAGMENT_SHADER
2025-06-29 00:52:29.697 D  Program linked successfully
2025-06-29 00:52:29.697 V  Program is initialized successfully
2025-06-29 00:52:29.697 V  Compiling texture program
2025-06-29 00:52:29.697 D  compileShader: glslVersion = 4.40, type: GL_VERTEX_SHADER
2025-06-29 00:52:29.697 D  compileShader: glslVersion = 4.40, type: GL_FRAGMENT_SHADER
2025-06-29 00:52:29.698 D  Program linked successfully
2025-06-29 00:52:29.698 V  Program is initialized successfully
2025-06-29 00:52:29.698 D  Shaders compiled successfully
2025-06-29 00:52:29.698 V  OpenGL is initialized ok
2025-06-29 00:52:29.698 D  Loading image from file @embedded@/dlangui-logo1.png
2025-06-29 00:52:29.710 D  Loading image from file @embedded@/btn_pressed.9.png
2025-06-29 00:52:29.710 D  Loading image from file @embedded@/btn_default.9.png
2025-06-29 00:52:29.711 D  Loading image from file @embedded@/btn_normal.9.png
2025-06-29 00:52:29.711 D  Loading image from file @embedded@/btn_hover.9.png
2025-06-29 00:52:29.711 D  Loading image from file @embedded@/btn_disabled.9.png
2025-06-29 00:52:29.711 D  loaded .xml drawable from @embedded@/btn_background.xml
2025-06-29 00:52:29.724 D  onResize 584x361
2025-06-29 00:52:29.725 D  resize: measure took 0 ms
2025-06-29 00:52:29.725 D  resize: layout took 0 ms
2025-06-29 00:52:29.728 V  created image cache page 1024x1024
2025-06-29 00:52:29.731 V  created glyph cache page 1024x1024
2025-06-29 00:52:29.733 D  updateTexture - new texture id=1
2025-06-29 00:52:29.733 D  updateTexture for cache page - setting image 1024x1024 tx=1
2025-06-29 00:52:29.734 D  updateTexture - new texture id=2
2025-06-29 00:52:29.734 D  updateTexture for cache page - setting image 1024x1024 tx=2
2025-06-29 00:52:32.744 D  updateTexture for cache page - setting image 1024x1024 tx=1
2025-06-29 00:52:32.853 D  root list styleId=LIST_BOX
2025-06-29 00:52:32.853 D  FileDialog.openDirectory(C:\Users\Lyndon\Documents\VSProjects\KritaLayers)
2025-06-29 00:52:32.853 D  Loading image from file @embedded@/folder.png
2025-06-29 00:52:32.853 D  Loading image from file @embedded@/text-plain.png
2025-06-29 00:52:32.853 D  Platform.createWindow is called
2025-06-29 00:52:32.853 V  Platform.createWindow : setDefaultLanguageAndThemeIfNecessary
2025-06-29 00:52:32.853 V  Platform.createWindow : new Win32Window
2025-06-29 00:52:32.853 D  Screen dimensions: Rect(0, 0, 1440, 900)
2025-06-29 00:52:32.853 D  Window onCreate
2025-06-29 00:52:32.853 V  created window, adding to map
2025-06-29 00:52:32.853 I  OpenGL context already exists. Setting pixel format.
2025-06-29 00:52:32.869 D  Loading image from file @embedded@/editbox_background_disabled_focus.9.png
2025-06-29 00:52:32.869 D  Loading image from file @embedded@/editbox_background_focus.9.png
2025-06-29 00:52:32.869 D  Loading image from file @embedded@/editbox_background_disabled.9.png
2025-06-29 00:52:32.869 D  Loading image from file @embedded@/editbox_background_normal.9.png
2025-06-29 00:52:32.869 D  loaded .xml drawable from @embedded@/editbox_background.xml
2025-06-29 00:52:32.869 D  loaded .xml drawable from @embedded@/btn_background_transparent.xml
2025-06-29 00:52:32.869 D  Loading image from file @embedded@/user-home.png
2025-06-29 00:52:32.869 D  Loading image from file @embedded@/drive-harddisk.png
2025-06-29 00:52:32.869 D  Loading image from file @embedded@/folder-bookmark.png
2025-06-29 00:52:32.869 D  Loading image from file @embedded@/list_item_selected.9.png
2025-06-29 00:52:32.869 D  Loading image from file @embedded@/list_item_focused.9.png
2025-06-29 00:52:32.869 D  Loading image from file @embedded@/list_item_hovered.9.png
2025-06-29 00:52:32.869 D  loaded .xml drawable from @embedded@/list_item_background.xml
2025-06-29 00:52:32.869 D  Loading image from file @embedded@/scrollbar_btn_right.png
2025-06-29 00:52:32.869 D  Loading image from file @embedded@/scrollbar_btn_left.png
2025-06-29 00:52:32.869 D  Loading image from file @embedded@/scrollbar_btn_background_pressed.9.png
2025-06-29 00:52:32.869 D  Loading image from file @embedded@/scrollbar_btn_background_normal.9.png
2025-06-29 00:52:32.869 D  Loading image from file @embedded@/scrollbar_btn_background_hover.9.png
2025-06-29 00:52:32.869 D  loaded .xml drawable from @embedded@/scrollbar_btn_transparent_background.xml
2025-06-29 00:52:32.869 D  Loading image from file @embedded@/scrollbar_indicator_horizontal.png
2025-06-29 00:52:32.869 D  Loading image from file @embedded@/scrollbar_btn_background_disabled.9.png
2025-06-29 00:52:32.869 D  loaded .xml drawable from @embedded@/scrollbar_btn_background.xml
2025-06-29 00:52:32.869 D  Loading image from file @embedded@/scrollbar_btn_up.png
2025-06-29 00:52:32.869 D  Loading image from file @embedded@/scrollbar_btn_down.png
2025-06-29 00:52:32.869 D  Loading image from file @embedded@/scrollbar_indicator_vertical.png
2025-06-29 00:52:32.869 D  Loading image from file @embedded@/dialog-cancel.png
2025-06-29 00:52:32.869 D  onResize 590x336
2025-06-29 00:52:32.869 D  resize: measure took 0 ms
2025-06-29 00:52:32.869 D  resize: layout took 0 ms
2025-06-29 00:52:32.869 D  updateTexture for cache page - setting image 1024x1024 tx=1
2025-06-29 00:52:32.869 D  updateTexture for cache page - setting image 1024x1024 tx=2
2025-06-29 00:52:33.758 D  updateTexture for cache page - setting image 1024x1024 tx=1
2025-06-29 00:52:39.012 D  Window.close()
2025-06-29 00:52:39.012 D  WM_CLOSE: closing window 
2025-06-29 00:52:39.028 D  Window onDestroy
2025-06-29 00:52:39.028 V  destroyed window, removing from map
2025-06-29 00:52:39.028 E  Cannot find window in map by HWND
2025-06-29 00:52:39.028 D  Window destructor
2025-06-29 00:52:39.028 D  Destroying window
2025-06-29 00:52:40.840 D  WM_CLOSE: closing window 
2025-06-29 00:52:40.866 D  Window onDestroy
2025-06-29 00:52:40.866 V  destroyed window, removing from map
2025-06-29 00:52:40.871 E  Cannot find window in map by HWND
2025-06-29 00:52:40.873 D  Window destructor
2025-06-29 00:52:40.873 D  Destroying window
2025-06-29 00:52:40.873 I  UIAppMain returned 0
2025-06-29 00:52:40.873 I  Destroying DrawableCache
2025-06-29 00:52:40.873 I  Destroying ImageCache
2025-06-29 00:52:40.873 I  Destroying Win32FontManager
2025-06-29 00:52:40.874 E  OpenGL error GL_INVALID_OPERATION at dlangui.graphics.glsupport.GLObject!(GLObjectTypes.Texture, 3553u).GLObject.unbind:1133 -- glBindTexture
2025-06-29 00:52:40.874 E  OpenGL error GL_INVALID_OPERATION at dlangui.graphics.glsupport.GLObject!(GLObjectTypes.Texture, 3553u).GLObject.~this:1120 -- glDeleteTextures
2025-06-29 00:52:40.874 D  Destroying font manager
2025-06-29 00:52:40.875 E  OpenGL error GL_INVALID_OPERATION at dlangui.graphics.glsupport.GLObject!(GLObjectTypes.Texture, 3553u).GLObject.unbind:1133 -- glBindTexture
2025-06-29 00:52:40.875 E  OpenGL error GL_INVALID_OPERATION at dlangui.graphics.glsupport.GLObject!(GLObjectTypes.Texture, 3553u).GLObject.~this:1120 -- glDeleteTextures
2025-06-29 00:52:40.875 D  Exiting main
2025-06-29 00:52:40.876 D  Calling GC.collect
